<?xml version="1.0" encoding="UTF-8"?>
<!-- Generated by org.testng.reporters.JUnitXMLReporter -->
<testsuite ignored="8" hostname="CHETAN" failures="0" tests="3" name="Test_Group" time="18.184" errors="0" timestamp="2023-12-13T16:58:35 IST">
  <testcase classname="testCases.Inventary_Page_2_Test" name="verifytitleofInventaryPageTest" time="0.021"/>
  <testcase classname="testCases.LoginPage_1_Test" name="verifyTitleofApplicationTest" time="0.774"/>
  <testcase classname="testCases.LoginPage_1_Test" name="verifyURLofApplicationTest" time="0.037"/>
  <testcase classname="testCases.LoginPage_1_Test" name="loginToApplicationTest" time="0.0">
    <ignored/>
  </testcase> <!-- loginToApplicationTest -->
  <testcase classname="testCases.Inventary_Page_2_Test" name="verifylinkinedLogoTest" time="0.0">
    <ignored/>
  </testcase> <!-- verifylinkinedLogoTest -->
  <testcase classname="testCases.Inventary_Page_2_Test" name="add6ProductsTest" time="0.0">
    <ignored/>
  </testcase> <!-- add6ProductsTest -->
  <testcase classname="testCases.Inventary_Page_2_Test" name="remove2Products" time="0.0">
    <ignored/>
  </testcase> <!-- remove2Products -->
  <testcase classname="testCases.Inventary_Page_2_Test" name="verifyfacebookLogoTest" time="0.0">
    <ignored/>
  </testcase> <!-- verifyfacebookLogoTest -->
  <testcase classname="testCases.Inventary_Page_2_Test" name="verifyProductLableTest" time="0.0">
    <ignored/>
  </testcase> <!-- verifyProductLableTest -->
  <testcase classname="testCases.Inventary_Page_2_Test" name="verifyTwitterLogoTest" time="0.0">
    <ignored/>
  </testcase> <!-- verifyTwitterLogoTest -->
  <testcase classname="testCases.Inventary_Page_2_Test" name="verifyPrivacyPolocyLabelTest" time="0.0">
    <ignored/>
  </testcase> <!-- verifyPrivacyPolocyLabelTest -->
</testsuite> <!-- Test_Group -->
