<?xml version="1.0" encoding="UTF-8"?>
<!-- Generated by org.testng.reporters.JUnitXMLReporter -->
<testsuite ignored="0" hostname="CHETAN" failures="0" tests="22" name="Test" time="121.879" errors="0" timestamp="2023-12-05T19:14:45 IST">
  <testcase classname="testCases.Open_To_Cart_3_Test" name="clickCheckoutbtnTest" time="0.071"/>
  <testcase classname="testCases.Open_To_Cart_3_Test" name="clickContinueShoppingbtnTest" time="0.089"/>
  <testcase classname="testCases.Open_To_Cart_3_Test" name="verifyCartDescriptionLableTest" time="0.033"/>
  <testcase classname="testCases.Open_To_Cart_3_Test" name="verifyCartQTYLableTest" time="0.028"/>
  <testcase classname="testCases.Open_To_Cart_3_Test" name="verifyPrivacyPolocyFooterTest" time="0.028"/>
  <testcase classname="testCases.Open_To_Cart_3_Test" name="verifyTitleOfApplicationTest" time="0.737"/>
  <testcase classname="testCases.Open_To_Cart_3_Test" name="verifyTwitterLogoTest" time="0.031"/>
  <testcase classname="testCases.Open_To_Cart_3_Test" name="verifyURLofApplicationTest" time="0.0"/>
  <testcase classname="testCases.Open_To_Cart_3_Test" name="verifyYourCartLableTest" time="0.033"/>
  <testcase classname="testCases.Open_To_Cart_3_Test" name="verifyfacebookLogoTest" time="0.037"/>
  <testcase classname="testCases.Open_To_Cart_3_Test" name="verifylinkinedLogoTest" time="0.028"/>
  <testcase classname="testCases.Inventary_Page_2_Test" name="add6ProductsTest" time="0.821"/>
  <testcase classname="testCases.Inventary_Page_2_Test" name="remove2Products" time="0.543"/>
  <testcase classname="testCases.Inventary_Page_2_Test" name="verifyPrivacyPolocyLabelTest" time="0.036"/>
  <testcase classname="testCases.Inventary_Page_2_Test" name="verifyProductLableTest" time="0.058"/>
  <testcase classname="testCases.Inventary_Page_2_Test" name="verifyTwitterLogoTest" time="0.035"/>
  <testcase classname="testCases.Inventary_Page_2_Test" name="verifyfacebookLogoTest" time="0.033"/>
  <testcase classname="testCases.Inventary_Page_2_Test" name="verifylinkinedLogoTest" time="0.039"/>
  <testcase classname="testCases.Inventary_Page_2_Test" name="verifytitleofInventaryPageTest" time="0.009"/>
  <testcase classname="testCases.LoginPage_1_Test" name="loginToApplicationTest" time="0.316"/>
  <testcase classname="testCases.LoginPage_1_Test" name="verifyTitleofApplicationTest" time="0.024"/>
  <testcase classname="testCases.LoginPage_1_Test" name="verifyURLofApplicationTest" time="0.024"/>
</testsuite> <!-- Test -->
