<?xml version="1.0" encoding="UTF-8"?>
<!-- Generated by org.testng.reporters.JUnitXMLReporter -->
<testsuite ignored="0" hostname="CHETAN" failures="0" tests="22" name="Test" time="180.076" errors="0" timestamp="2023-12-06T21:47:30 IST">
  <testcase classname="testCases.Cart_3_Test" name="clickCheckoutbtnTest" time="0.118"/>
  <testcase classname="testCases.Cart_3_Test" name="clickContinueShoppingbtnTest" time="0.114"/>
  <testcase classname="testCases.Cart_3_Test" name="verifyCartDescriptionLableTest" time="0.032"/>
  <testcase classname="testCases.Cart_3_Test" name="verifyCartQTYLableTest" time="0.038"/>
  <testcase classname="testCases.Cart_3_Test" name="verifyPrivacyPolocyFooterTest" time="0.016"/>
  <testcase classname="testCases.Cart_3_Test" name="verifyTitleOfApplicationTest" time="1.028"/>
  <testcase classname="testCases.Cart_3_Test" name="verifyTwitterLogoTest" time="0.046"/>
  <testcase classname="testCases.Cart_3_Test" name="verifyURLofApplicationTest" time="0.011"/>
  <testcase classname="testCases.Cart_3_Test" name="verifyYourCartLableTest" time="0.027"/>
  <testcase classname="testCases.Cart_3_Test" name="verifyfacebookLogoTest" time="0.035"/>
  <testcase classname="testCases.Cart_3_Test" name="verifylinkinedLogoTest" time="0.036"/>
  <testcase classname="testCases.Inventary_Page_2_Test" name="add6ProductsTest" time="0.615"/>
  <testcase classname="testCases.Inventary_Page_2_Test" name="remove2Products" time="0.854"/>
  <testcase classname="testCases.Inventary_Page_2_Test" name="verifyPrivacyPolocyLabelTest" time="0.06"/>
  <testcase classname="testCases.Inventary_Page_2_Test" name="verifyProductLableTest" time="0.143"/>
  <testcase classname="testCases.Inventary_Page_2_Test" name="verifyTwitterLogoTest" time="0.06"/>
  <testcase classname="testCases.Inventary_Page_2_Test" name="verifyfacebookLogoTest" time="0.065"/>
  <testcase classname="testCases.Inventary_Page_2_Test" name="verifylinkinedLogoTest" time="0.086"/>
  <testcase classname="testCases.Inventary_Page_2_Test" name="verifytitleofInventaryPageTest" time="0.008"/>
  <testcase classname="testCases.LoginPage_1_Test" name="loginToApplicationTest" time="0.446"/>
  <testcase classname="testCases.LoginPage_1_Test" name="verifyTitleofApplicationTest" time="0.048"/>
  <testcase classname="testCases.LoginPage_1_Test" name="verifyURLofApplicationTest" time="0.034"/>
</testsuite> <!-- Test -->
