<?xml version="1.0" encoding="UTF-8"?>
<!-- Generated by org.testng.reporters.JUnitXMLReporter -->
<testsuite ignored="0" hostname="CHETAN" failures="0" tests="3" name="Default test" time="20.115" errors="0" timestamp="2024-01-18T23:49:02 IST">
  <testcase classname="testCases.LoginPage_1_Test" name="verifyTitleofApplicationTest" time="0.934"/>
  <testcase classname="testCases.LoginPage_1_Test" name="verifyURLofApplicationTest" time="0.032"/>
  <testcase classname="testCases.LoginPage_1_Test" name="loginToApplicationTest" time="0.423"/>
</testsuite> <!-- Default test -->
