<?xml version="1.0" encoding="UTF-8"?>
<!-- Generated by org.testng.reporters.JUnitXMLReporter -->
<testsuite ignored="0" hostname="CHETAN" failures="0" tests="38" name="Test" time="229.883" errors="0" timestamp="2023-12-18T09:15:46 IST">
  <testcase classname="testCases.Cart_3_Test" name="clickCheckoutbtnTest" time="0.083"/>
  <testcase classname="testCases.Cart_3_Test" name="clickContinueShoppingbtnTest" time="0.08"/>
  <testcase classname="testCases.Cart_3_Test" name="verifyCartDescriptionLableTest" time="0.034"/>
  <testcase classname="testCases.Cart_3_Test" name="verifyCartQTYLableTest" time="0.026"/>
  <testcase classname="testCases.Cart_3_Test" name="verifyPrivacyPolocyFooterTest" time="0.035"/>
  <testcase classname="testCases.Cart_3_Test" name="verifyTitleOfApplicationTest" time="0.737"/>
  <testcase classname="testCases.Cart_3_Test" name="verifyTwitterLogoTest" time="0.04"/>
  <testcase classname="testCases.Cart_3_Test" name="verifyURLofApplicationTest" time="0.008"/>
  <testcase classname="testCases.Cart_3_Test" name="verifyYourCartLableTest" time="0.025"/>
  <testcase classname="testCases.Cart_3_Test" name="verifyfacebookLogoTest" time="0.036"/>
  <testcase classname="testCases.Cart_3_Test" name="verifylinkinedLogoTest" time="0.042"/>
  <testcase classname="testCases.Checkout_Page1_4_Test" name="inputInformationTest" time="0.413"/>
  <testcase classname="testCases.Checkout_Page1_4_Test" name="verifyTitleofApplicationTest" time="0.03"/>
  <testcase classname="testCases.Checkout_Page1_4_Test" name="verifyURLofCheckoutPageTest" time="0.006"/>
  <testcase classname="testCases.Checkout_Page1_4_Test" name="verifycancelBtnTest" time="0.07"/>
  <testcase classname="testCases.Checkout_Page1_4_Test" name="verifyontinueBtnTest" time="0.359"/>
  <testcase classname="testCases.Inventary_Page_2_Test" name="add6ProductsTest" time="0.667"/>
  <testcase classname="testCases.Inventary_Page_2_Test" name="remove2Products" time="0.656"/>
  <testcase classname="testCases.Inventary_Page_2_Test" name="verifyPrivacyPolocyLabelTest" time="0.065"/>
  <testcase classname="testCases.Inventary_Page_2_Test" name="verifyProductLableTest" time="0.111"/>
  <testcase classname="testCases.Inventary_Page_2_Test" name="verifyTwitterLogoTest" time="0.045"/>
  <testcase classname="testCases.Inventary_Page_2_Test" name="verifyfacebookLogoTest" time="0.073"/>
  <testcase classname="testCases.Inventary_Page_2_Test" name="verifylinkinedLogoTest" time="0.051"/>
  <testcase classname="testCases.Inventary_Page_2_Test" name="verifytitleofInventaryPageTest" time="0.008"/>
  <testcase classname="testCases.LoginPage_1_Test" name="verifyTitleofApplicationTest" time="0.03"/>
  <testcase classname="testCases.LoginPage_1_Test" name="verifyURLofApplicationTest" time="0.027"/>
  <testcase classname="testCases.LoginPage_1_Test" name="loginToApplicationTest" time="0.393"/>
  <testcase classname="testCases.Checkout_Page_2_Test_5" name="clickOnFinishBtnTest" time="0.082"/>
  <testcase classname="testCases.Checkout_Page_2_Test_5" name="verifyDescriptionLableTest" time="0.019"/>
  <testcase classname="testCases.Checkout_Page_2_Test_5" name="verifyPaymentInfoLableTest" time="0.021"/>
  <testcase classname="testCases.Checkout_Page_2_Test_5" name="verifyQTYLableTest" time="0.022"/>
  <testcase classname="testCases.Checkout_Page_2_Test_5" name="verifyShippinfInfoLableTest" time="0.019"/>
  <testcase classname="testCases.Checkout_Page_2_Test_5" name="verifycheckoutOverviewLableTest" time="0.038"/>
  <testcase classname="testCases.Complete_Page_6_Test" name="clickOnBackHomeBtnTest" time="0.065"/>
  <testcase classname="testCases.Complete_Page_6_Test" name="verifyCheckoutCompleteLableTest" time="0.025"/>
  <testcase classname="testCases.Complete_Page_6_Test" name="verifyCompleteTextTest" time="0.048"/>
  <testcase classname="testCases.Complete_Page_6_Test" name="verifyPonyExpressIMGTest" time="0.037"/>
  <testcase classname="testCases.Complete_Page_6_Test" name="verifyThankYouForHeaderTest" time="0.028"/>
</testsuite> <!-- Test -->
