<?xml version="1.0" encoding="UTF-8"?>
<!-- Generated by org.testng.reporters.JUnitXMLReporter -->
<testsuite ignored="0" hostname="CHETAN" failures="0" tests="38" name="Test" time="280.587" errors="0" timestamp="2023-12-15T22:52:28 IST">
  <testcase classname="testCases.Cart_3_Test" name="clickCheckoutbtnTest" time="0.126"/>
  <testcase classname="testCases.Cart_3_Test" name="clickContinueShoppingbtnTest" time="0.13"/>
  <testcase classname="testCases.Cart_3_Test" name="verifyCartDescriptionLableTest" time="0.033"/>
  <testcase classname="testCases.Cart_3_Test" name="verifyCartQTYLableTest" time="0.032"/>
  <testcase classname="testCases.Cart_3_Test" name="verifyPrivacyPolocyFooterTest" time="0.046"/>
  <testcase classname="testCases.Cart_3_Test" name="verifyTitleOfApplicationTest" time="1.362"/>
  <testcase classname="testCases.Cart_3_Test" name="verifyTwitterLogoTest" time="0.092"/>
  <testcase classname="testCases.Cart_3_Test" name="verifyURLofApplicationTest" time="0.011"/>
  <testcase classname="testCases.Cart_3_Test" name="verifyYourCartLableTest" time="0.036"/>
  <testcase classname="testCases.Cart_3_Test" name="verifyfacebookLogoTest" time="0.046"/>
  <testcase classname="testCases.Cart_3_Test" name="verifylinkinedLogoTest" time="0.042"/>
  <testcase classname="testCases.Checkout_Page1_4_Test" name="inputInformationTest" time="0.459"/>
  <testcase classname="testCases.Checkout_Page1_4_Test" name="verifyTitleofApplicationTest" time="0.037"/>
  <testcase classname="testCases.Checkout_Page1_4_Test" name="verifyURLofCheckoutPageTest" time="0.008"/>
  <testcase classname="testCases.Checkout_Page1_4_Test" name="verifycancelBtnTest" time="0.089"/>
  <testcase classname="testCases.Checkout_Page1_4_Test" name="verifyontinueBtnTest" time="0.421"/>
  <testcase classname="testCases.Inventary_Page_2_Test" name="add6ProductsTest" time="0.868"/>
  <testcase classname="testCases.Inventary_Page_2_Test" name="remove2Products" time="0.793"/>
  <testcase classname="testCases.Inventary_Page_2_Test" name="verifyPrivacyPolocyLabelTest" time="0.043"/>
  <testcase classname="testCases.Inventary_Page_2_Test" name="verifyProductLableTest" time="0.14"/>
  <testcase classname="testCases.Inventary_Page_2_Test" name="verifyTwitterLogoTest" time="0.064"/>
  <testcase classname="testCases.Inventary_Page_2_Test" name="verifyfacebookLogoTest" time="0.055"/>
  <testcase classname="testCases.Inventary_Page_2_Test" name="verifylinkinedLogoTest" time="0.076"/>
  <testcase classname="testCases.Inventary_Page_2_Test" name="verifytitleofInventaryPageTest" time="0.011"/>
  <testcase classname="testCases.LoginPage_1_Test" name="verifyTitleofApplicationTest" time="0.312"/>
  <testcase classname="testCases.LoginPage_1_Test" name="verifyURLofApplicationTest" time="0.051"/>
  <testcase classname="testCases.LoginPage_1_Test" name="loginToApplicationTest" time="0.489"/>
  <testcase classname="testCases.Checkout_Page_2_Test_5" name="clickOnFinishBtnTest" time="0.089"/>
  <testcase classname="testCases.Checkout_Page_2_Test_5" name="verifyDescriptionLableTest" time="0.03"/>
  <testcase classname="testCases.Checkout_Page_2_Test_5" name="verifyPaymentInfoLableTest" time="0.032"/>
  <testcase classname="testCases.Checkout_Page_2_Test_5" name="verifyQTYLableTest" time="0.034"/>
  <testcase classname="testCases.Checkout_Page_2_Test_5" name="verifyShippinfInfoLableTest" time="0.05"/>
  <testcase classname="testCases.Checkout_Page_2_Test_5" name="verifycheckoutOverviewLableTest" time="0.027"/>
  <testcase classname="testCases.Complete_Page_6_Test" name="clickOnBackHomeBtnTest" time="0.1"/>
  <testcase classname="testCases.Complete_Page_6_Test" name="verifyCheckoutCompleteLableTest" time="0.033"/>
  <testcase classname="testCases.Complete_Page_6_Test" name="verifyCompleteTextTest" time="0.032"/>
  <testcase classname="testCases.Complete_Page_6_Test" name="verifyPonyExpressIMGTest" time="0.051"/>
  <testcase classname="testCases.Complete_Page_6_Test" name="verifyThankYouForHeaderTest" time="0.059"/>
</testsuite> <!-- Test -->
