<?xml version="1.0" encoding="UTF-8"?>
<!-- Generated by org.testng.reporters.JUnitXMLReporter -->
<testsuite ignored="19" hostname="CHETAN" failures="0" tests="3" name="Test(failed)" time="19.033" errors="0" timestamp="2023-12-05T19:32:00 IST">
  <testcase classname="testCases.Inventary_Page_2_Test" name="remove2Products" time="1.236"/>
  <testcase classname="testCases.Cart_3_Test" name="verifyTitleOfApplicationTest" time="0.048"/>
  <testcase classname="testCases.LoginPage_1_Test" name="loginToApplicationTest" time="0.618"/>
  <testcase classname="testCases.LoginPage_1_Test" name="verifyTitleofApplicationTest" time="0.0">
    <ignored/>
  </testcase> <!-- verifyTitleofApplicationTest -->
  <testcase classname="testCases.Cart_3_Test" name="verifyCartDescriptionLableTest" time="0.0">
    <ignored/>
  </testcase> <!-- verifyCartDescriptionLableTest -->
  <testcase classname="testCases.Cart_3_Test" name="verifyYourCartLableTest" time="0.0">
    <ignored/>
  </testcase> <!-- verifyYourCartLableTest -->
  <testcase classname="testCases.Inventary_Page_2_Test" name="verifyProductLableTest" time="0.0">
    <ignored/>
  </testcase> <!-- verifyProductLableTest -->
  <testcase classname="testCases.LoginPage_1_Test" name="verifyURLofApplicationTest" time="0.0">
    <ignored/>
  </testcase> <!-- verifyURLofApplicationTest -->
  <testcase classname="testCases.Inventary_Page_2_Test" name="verifyTwitterLogoTest" time="0.0">
    <ignored/>
  </testcase> <!-- verifyTwitterLogoTest -->
  <testcase classname="testCases.Cart_3_Test" name="verifyTwitterLogoTest" time="0.0">
    <ignored/>
  </testcase> <!-- verifyTwitterLogoTest -->
  <testcase classname="testCases.Cart_3_Test" name="verifyfacebookLogoTest" time="0.0">
    <ignored/>
  </testcase> <!-- verifyfacebookLogoTest -->
  <testcase classname="testCases.Inventary_Page_2_Test" name="verifytitleofInventaryPageTest" time="0.0">
    <ignored/>
  </testcase> <!-- verifytitleofInventaryPageTest -->
  <testcase classname="testCases.Inventary_Page_2_Test" name="verifyfacebookLogoTest" time="0.0">
    <ignored/>
  </testcase> <!-- verifyfacebookLogoTest -->
  <testcase classname="testCases.Inventary_Page_2_Test" name="verifyPrivacyPolocyLabelTest" time="0.0">
    <ignored/>
  </testcase> <!-- verifyPrivacyPolocyLabelTest -->
  <testcase classname="testCases.Cart_3_Test" name="verifylinkinedLogoTest" time="0.0">
    <ignored/>
  </testcase> <!-- verifylinkinedLogoTest -->
  <testcase classname="testCases.Cart_3_Test" name="verifyCartQTYLableTest" time="0.0">
    <ignored/>
  </testcase> <!-- verifyCartQTYLableTest -->
  <testcase classname="testCases.Cart_3_Test" name="clickContinueShoppingbtnTest" time="0.0">
    <ignored/>
  </testcase> <!-- clickContinueShoppingbtnTest -->
  <testcase classname="testCases.Cart_3_Test" name="verifyURLofApplicationTest" time="0.0">
    <ignored/>
  </testcase> <!-- verifyURLofApplicationTest -->
  <testcase classname="testCases.Cart_3_Test" name="verifyPrivacyPolocyFooterTest" time="0.0">
    <ignored/>
  </testcase> <!-- verifyPrivacyPolocyFooterTest -->
  <testcase classname="testCases.Inventary_Page_2_Test" name="verifylinkinedLogoTest" time="0.0">
    <ignored/>
  </testcase> <!-- verifylinkinedLogoTest -->
  <testcase classname="testCases.Inventary_Page_2_Test" name="add6ProductsTest" time="0.0">
    <ignored/>
  </testcase> <!-- add6ProductsTest -->
  <testcase classname="testCases.Cart_3_Test" name="clickCheckoutbtnTest" time="0.0">
    <ignored/>
  </testcase> <!-- clickCheckoutbtnTest -->
</testsuite> <!-- Test(failed) -->
