<?xml version="1.0" encoding="UTF-8"?>
<testng-results ignored="0" total="37" passed="37" failed="0" skipped="0">
  <reporter-output>
    <line>
      <![CDATA[Varify After Click on Checkoutbtn URL = https://www.saucedemo.com/checkout-step-one.html]]>
    </line>
    <line>
      <![CDATA[Verify After Click on Con Shopping btn URL = https://www.saucedemo.com/inventory.html]]>
    </line>
    <line>
      <![CDATA[Verify Cart Page Description Lable = Description]]>
    </line>
    <line>
      <![CDATA[Verify Cart Page QTY Lable = QTY]]>
    </line>
    <line>
      <![CDATA[Logo of Cart Page= Swag Labs]]>
    </line>
    <line>
      <![CDATA[Visibility of Twitter Logo = true]]>
    </line>
    <line>
      <![CDATA[Verify URL of Cart Page = https://www.saucedemo.com/cart.html]]>
    </line>
    <line>
      <![CDATA[Verify Your Cart Lable= Your Cart]]>
    </line>
    <line>
      <![CDATA[Visibility of Facebook Logo = true]]>
    </line>
    <line>
      <![CDATA[Visibility of Linkined Logo = true]]>
    </line>
    <line>
      <![CDATA[Title of Checkout Page 2 = https://www.saucedemo.com/checkout-step-two.html]]>
    </line>
    <line>
      <![CDATA[Title of Checkout Page 1 = Checkout: Your Information]]>
    </line>
    <line>
      <![CDATA[URL of Checkout Page 1 = https://www.saucedemo.com/checkout-step-one.html]]>
    </line>
    <line>
      <![CDATA[After click on Cancel button URL = https://www.saucedemo.com/cart.html]]>
    </line>
    <line>
      <![CDATA[After click on Continue Btn URL = https://www.saucedemo.com/checkout-step-two.html]]>
    </line>
    <line>
      <![CDATA[Total Product Add To Cart = 6]]>
    </line>
    <line>
      <![CDATA[Count of Product After Removing = 4]]>
    </line>
    <line>
      <![CDATA[Product Labels Of Inventary Page = Products]]>
    </line>
    <line>
      <![CDATA[Visibility of Twitter Logo = true]]>
    </line>
    <line>
      <![CDATA[Visibility of Facebook Logo = true]]>
    </line>
    <line>
      <![CDATA[Visibility of Linkined Logo = true]]>
    </line>
    <line>
      <![CDATA[Logo Of Inventary Page = Swag Labs]]>
    </line>
    <line>
      <![CDATA[Verify After Login Title of Application = Swag Labs]]>
    </line>
    <line>
      <![CDATA[Verify Login URL of Application = https://www.saucedemo.com/]]>
    </line>
    <line>
      <![CDATA[Verify After Login Inventary Page URL = https://www.saucedemo.com/inventory.html]]>
    </line>
    <line>
      <![CDATA[URL of Complete Page = https://www.saucedemo.com/checkout-complete.html]]>
    </line>
    <line>
      <![CDATA[Description]]>
    </line>
    <line>
      <![CDATA[Payment Information]]>
    </line>
    <line>
      <![CDATA[QTY]]>
    </line>
    <line>
      <![CDATA[Shipping Information]]>
    </line>
    <line>
      <![CDATA[Lable of Checkout Page 2 = Checkout: Overview]]>
    </line>
    <line>
      <![CDATA[After Click On Back To Home Btn URL = https://www.saucedemo.com/inventory.html]]>
    </line>
    <line>
      <![CDATA[Visibiliti of Checkout Complete Lable = Checkout: Complete!]]>
    </line>
    <line>
      <![CDATA[Visibility of Complete text = Your order has been dispatched, and will arrive just as fast as the pony can get there!]]>
    </line>
    <line>
      <![CDATA[Visibility of PonnyExpressIMG = true]]>
    </line>
    <line>
      <![CDATA[Visibility of Header Text = Thank you for your order!]]>
    </line>
    <line>
      <![CDATA[Multiple Credential Test = https://www.saucedemo.com/inventory.html]]>
    </line>
  </reporter-output>
  <suite started-at="2023-12-20T11:18:49 IST" name="Suite_All" finished-at="2023-12-20T11:22:36 IST" duration-ms="227528">
    <groups>
      <group name="Sanity">
        <method signature="Inventary_Page_2_Test.verifytitleofInventaryPageTest()[pri:0, instance:testCases.Inventary_Page_2_Test@3561c410]" name="verifytitleofInventaryPageTest" class="testCases.Inventary_Page_2_Test"/>
        <method signature="LoginPage_1_Test.verifyTitleofApplicationTest()[pri:1, instance:testCases.LoginPage_1_Test@59e32960]" name="verifyTitleofApplicationTest" class="testCases.LoginPage_1_Test"/>
        <method signature="LoginPage_1_Test.verifyURLofApplicationTest()[pri:2, instance:testCases.LoginPage_1_Test@59e32960]" name="verifyURLofApplicationTest" class="testCases.LoginPage_1_Test"/>
      </group> <!-- Sanity -->
      <group name="Retesting">
        <method signature="Inventary_Page_2_Test.add6ProductsTest()[pri:0, instance:testCases.Inventary_Page_2_Test@3561c410]" name="add6ProductsTest" class="testCases.Inventary_Page_2_Test"/>
        <method signature="Inventary_Page_2_Test.remove2Products()[pri:0, instance:testCases.Inventary_Page_2_Test@3561c410]" name="remove2Products" class="testCases.Inventary_Page_2_Test"/>
        <method signature="Inventary_Page_2_Test.verifyTwitterLogoTest()[pri:0, instance:testCases.Inventary_Page_2_Test@3561c410]" name="verifyTwitterLogoTest" class="testCases.Inventary_Page_2_Test"/>
        <method signature="LoginPage_1_Test.verifyURLofApplicationTest()[pri:2, instance:testCases.LoginPage_1_Test@59e32960]" name="verifyURLofApplicationTest" class="testCases.LoginPage_1_Test"/>
      </group> <!-- Retesting -->
      <group name="Regression">
        <method signature="Inventary_Page_2_Test.add6ProductsTest()[pri:0, instance:testCases.Inventary_Page_2_Test@3561c410]" name="add6ProductsTest" class="testCases.Inventary_Page_2_Test"/>
        <method signature="Inventary_Page_2_Test.remove2Products()[pri:0, instance:testCases.Inventary_Page_2_Test@3561c410]" name="remove2Products" class="testCases.Inventary_Page_2_Test"/>
        <method signature="LoginPage_1_Test.loginToApplicationTest()[pri:3, instance:testCases.LoginPage_1_Test@59e32960]" name="loginToApplicationTest" class="testCases.LoginPage_1_Test"/>
      </group> <!-- Regression -->
    </groups>
    <test started-at="2023-12-20T11:18:49 IST" name="Test" finished-at="2023-12-20T11:22:36 IST" duration-ms="227528">
      <class name="testCases.VerifyMultipleCredentialsTest">
        <test-method is-config="true" signature="setup()[pri:0, instance:testCases.VerifyMultipleCredentialsTest@609db546]" started-at="2023-12-20T11:22:31 IST" name="setup" finished-at="2023-12-20T11:22:36 IST" duration-ms="4668" status="PASS">
          <reporter-output>
          </reporter-output>
        </test-method> <!-- setup -->
        <test-method signature="loginToAppMultipleCredTest(java.lang.String,java.lang.String)[pri:0, instance:testCases.VerifyMultipleCredentialsTest@609db546]" started-at="2023-12-20T11:22:36 IST" name="loginToAppMultipleCredTest" data-provider="Credentials" finished-at="2023-12-20T11:22:36 IST" duration-ms="405" status="PASS">
          <params>
            <param index="0">
              <value>
                <![CDATA[standard_user]]>
              </value>
            </param>
            <param index="1">
              <value>
                <![CDATA[secret_sauce]]>
              </value>
            </param>
          </params>
          <reporter-output>
            <line>
              <![CDATA[Multiple Credential Test = https://www.saucedemo.com/inventory.html]]>
            </line>
          </reporter-output>
        </test-method> <!-- loginToAppMultipleCredTest -->
        <test-method is-config="true" signature="closeBrowser(org.testng.ITestResult)[pri:0, instance:testCases.VerifyMultipleCredentialsTest@609db546]" started-at="2023-12-20T11:22:36 IST" name="closeBrowser" finished-at="2023-12-20T11:22:36 IST" duration-ms="143" status="PASS">
          <params>
            <param index="0">
              <value>
                <![CDATA[[TestResult name=loginToAppMultipleCredTest status=SUCCESS method=VerifyMultipleCredentialsTest.loginToAppMultipleCredTest(java.lang.String,java.lang.String)[pri:0, instance:testCases.VerifyMultipleCredentialsTest@609db546] output=Multiple Credential Test = https://www.saucedemo.com/inventory.html]]]>
              </value>
            </param>
          </params>
          <reporter-output>
          </reporter-output>
        </test-method> <!-- closeBrowser -->
      </class> <!-- testCases.VerifyMultipleCredentialsTest -->
      <class name="testCases.Checkout_Page1_4_Test">
        <test-method is-config="true" signature="setup()[pri:0, instance:testCases.Checkout_Page1_4_Test@7aaca91a]" started-at="2023-12-20T11:19:52 IST" name="setup" finished-at="2023-12-20T11:19:58 IST" duration-ms="5903" status="PASS">
          <reporter-output>
          </reporter-output>
        </test-method> <!-- setup -->
        <test-method signature="inputInformationTest()[pri:0, instance:testCases.Checkout_Page1_4_Test@7aaca91a]" started-at="2023-12-20T11:19:58 IST" name="inputInformationTest" finished-at="2023-12-20T11:19:58 IST" duration-ms="474" status="PASS">
          <reporter-output>
            <line>
              <![CDATA[Title of Checkout Page 2 = https://www.saucedemo.com/checkout-step-two.html]]>
            </line>
          </reporter-output>
        </test-method> <!-- inputInformationTest -->
        <test-method is-config="true" signature="closeBrowser(org.testng.ITestResult)[pri:0, instance:testCases.Checkout_Page1_4_Test@7aaca91a]" started-at="2023-12-20T11:19:58 IST" name="closeBrowser" finished-at="2023-12-20T11:19:58 IST" duration-ms="148" status="PASS">
          <params>
            <param index="0">
              <value>
                <![CDATA[[TestResult name=inputInformationTest status=SUCCESS method=Checkout_Page1_4_Test.inputInformationTest()[pri:0, instance:testCases.Checkout_Page1_4_Test@7aaca91a] output=Title of Checkout Page 2 = https://www.saucedemo.com/checkout-step-two.html]]]>
              </value>
            </param>
          </params>
          <reporter-output>
          </reporter-output>
        </test-method> <!-- closeBrowser -->
        <test-method is-config="true" signature="setup()[pri:0, instance:testCases.Checkout_Page1_4_Test@7aaca91a]" started-at="2023-12-20T11:19:58 IST" name="setup" finished-at="2023-12-20T11:20:05 IST" duration-ms="6092" status="PASS">
          <reporter-output>
          </reporter-output>
        </test-method> <!-- setup -->
        <test-method signature="verifyTitleofApplicationTest()[pri:0, instance:testCases.Checkout_Page1_4_Test@7aaca91a]" started-at="2023-12-20T11:20:05 IST" name="verifyTitleofApplicationTest" finished-at="2023-12-20T11:20:05 IST" duration-ms="24" status="PASS">
          <reporter-output>
            <line>
              <![CDATA[Title of Checkout Page 1 = Checkout: Your Information]]>
            </line>
          </reporter-output>
        </test-method> <!-- verifyTitleofApplicationTest -->
        <test-method is-config="true" signature="closeBrowser(org.testng.ITestResult)[pri:0, instance:testCases.Checkout_Page1_4_Test@7aaca91a]" started-at="2023-12-20T11:20:05 IST" name="closeBrowser" finished-at="2023-12-20T11:20:05 IST" duration-ms="161" status="PASS">
          <params>
            <param index="0">
              <value>
                <![CDATA[[TestResult name=verifyTitleofApplicationTest status=SUCCESS method=Checkout_Page1_4_Test.verifyTitleofApplicationTest()[pri:0, instance:testCases.Checkout_Page1_4_Test@7aaca91a] output=Title of Checkout Page 1 = Checkout: Your Information]]]>
              </value>
            </param>
          </params>
          <reporter-output>
          </reporter-output>
        </test-method> <!-- closeBrowser -->
        <test-method is-config="true" signature="setup()[pri:0, instance:testCases.Checkout_Page1_4_Test@7aaca91a]" started-at="2023-12-20T11:20:05 IST" name="setup" finished-at="2023-12-20T11:20:11 IST" duration-ms="5860" status="PASS">
          <reporter-output>
          </reporter-output>
        </test-method> <!-- setup -->
        <test-method signature="verifyURLofCheckoutPageTest()[pri:0, instance:testCases.Checkout_Page1_4_Test@7aaca91a]" started-at="2023-12-20T11:20:11 IST" name="verifyURLofCheckoutPageTest" finished-at="2023-12-20T11:20:11 IST" duration-ms="7" status="PASS">
          <reporter-output>
            <line>
              <![CDATA[URL of Checkout Page 1 = https://www.saucedemo.com/checkout-step-one.html]]>
            </line>
          </reporter-output>
        </test-method> <!-- verifyURLofCheckoutPageTest -->
        <test-method is-config="true" signature="closeBrowser(org.testng.ITestResult)[pri:0, instance:testCases.Checkout_Page1_4_Test@7aaca91a]" started-at="2023-12-20T11:20:11 IST" name="closeBrowser" finished-at="2023-12-20T11:20:11 IST" duration-ms="170" status="PASS">
          <params>
            <param index="0">
              <value>
                <![CDATA[[TestResult name=verifyURLofCheckoutPageTest status=SUCCESS method=Checkout_Page1_4_Test.verifyURLofCheckoutPageTest()[pri:0, instance:testCases.Checkout_Page1_4_Test@7aaca91a] output=URL of Checkout Page 1 = https://www.saucedemo.com/checkout-step-one.html]]]>
              </value>
            </param>
          </params>
          <reporter-output>
          </reporter-output>
        </test-method> <!-- closeBrowser -->
        <test-method is-config="true" signature="setup()[pri:0, instance:testCases.Checkout_Page1_4_Test@7aaca91a]" started-at="2023-12-20T11:20:11 IST" name="setup" finished-at="2023-12-20T11:20:17 IST" duration-ms="5911" status="PASS">
          <reporter-output>
          </reporter-output>
        </test-method> <!-- setup -->
        <test-method signature="verifycancelBtnTest()[pri:0, instance:testCases.Checkout_Page1_4_Test@7aaca91a]" started-at="2023-12-20T11:20:17 IST" name="verifycancelBtnTest" finished-at="2023-12-20T11:20:17 IST" duration-ms="86" status="PASS">
          <reporter-output>
            <line>
              <![CDATA[After click on Cancel button URL = https://www.saucedemo.com/cart.html]]>
            </line>
          </reporter-output>
        </test-method> <!-- verifycancelBtnTest -->
        <test-method is-config="true" signature="closeBrowser(org.testng.ITestResult)[pri:0, instance:testCases.Checkout_Page1_4_Test@7aaca91a]" started-at="2023-12-20T11:20:17 IST" name="closeBrowser" finished-at="2023-12-20T11:20:17 IST" duration-ms="121" status="PASS">
          <params>
            <param index="0">
              <value>
                <![CDATA[[TestResult name=verifycancelBtnTest status=SUCCESS method=Checkout_Page1_4_Test.verifycancelBtnTest()[pri:0, instance:testCases.Checkout_Page1_4_Test@7aaca91a] output=After click on Cancel button URL = https://www.saucedemo.com/cart.html]]]>
              </value>
            </param>
          </params>
          <reporter-output>
          </reporter-output>
        </test-method> <!-- closeBrowser -->
        <test-method is-config="true" signature="setup()[pri:0, instance:testCases.Checkout_Page1_4_Test@7aaca91a]" started-at="2023-12-20T11:20:17 IST" name="setup" finished-at="2023-12-20T11:20:23 IST" duration-ms="5773" status="PASS">
          <reporter-output>
          </reporter-output>
        </test-method> <!-- setup -->
        <test-method signature="verifyontinueBtnTest()[pri:0, instance:testCases.Checkout_Page1_4_Test@7aaca91a]" started-at="2023-12-20T11:20:23 IST" name="verifyontinueBtnTest" finished-at="2023-12-20T11:20:23 IST" duration-ms="388" status="PASS">
          <reporter-output>
            <line>
              <![CDATA[After click on Continue Btn URL = https://www.saucedemo.com/checkout-step-two.html]]>
            </line>
          </reporter-output>
        </test-method> <!-- verifyontinueBtnTest -->
        <test-method is-config="true" signature="closeBrowser(org.testng.ITestResult)[pri:0, instance:testCases.Checkout_Page1_4_Test@7aaca91a]" started-at="2023-12-20T11:20:23 IST" name="closeBrowser" finished-at="2023-12-20T11:20:23 IST" duration-ms="122" status="PASS">
          <params>
            <param index="0">
              <value>
                <![CDATA[[TestResult name=verifyontinueBtnTest status=SUCCESS method=Checkout_Page1_4_Test.verifyontinueBtnTest()[pri:0, instance:testCases.Checkout_Page1_4_Test@7aaca91a] output=After click on Continue Btn URL = https://www.saucedemo.com/checkout-step-two.html]]]>
              </value>
            </param>
          </params>
          <reporter-output>
          </reporter-output>
        </test-method> <!-- closeBrowser -->
      </class> <!-- testCases.Checkout_Page1_4_Test -->
      <class name="testCases.Checkout_Page_2_Test_5">
        <test-method is-config="true" signature="setup()[pri:0, instance:testCases.Checkout_Page_2_Test_5@7c214cc0]" started-at="2023-12-20T11:21:20 IST" name="setup" finished-at="2023-12-20T11:21:26 IST" duration-ms="6181" status="PASS">
          <reporter-output>
          </reporter-output>
        </test-method> <!-- setup -->
        <test-method signature="clickOnFinishBtnTest()[pri:0, instance:testCases.Checkout_Page_2_Test_5@7c214cc0]" started-at="2023-12-20T11:21:26 IST" name="clickOnFinishBtnTest" finished-at="2023-12-20T11:21:26 IST" duration-ms="84" status="PASS">
          <reporter-output>
            <line>
              <![CDATA[URL of Complete Page = https://www.saucedemo.com/checkout-complete.html]]>
            </line>
          </reporter-output>
        </test-method> <!-- clickOnFinishBtnTest -->
        <test-method is-config="true" signature="closeBrowser(org.testng.ITestResult)[pri:0, instance:testCases.Checkout_Page_2_Test_5@7c214cc0]" started-at="2023-12-20T11:21:26 IST" name="closeBrowser" finished-at="2023-12-20T11:21:26 IST" duration-ms="130" status="PASS">
          <params>
            <param index="0">
              <value>
                <![CDATA[[TestResult name=clickOnFinishBtnTest status=SUCCESS method=Checkout_Page_2_Test_5.clickOnFinishBtnTest()[pri:0, instance:testCases.Checkout_Page_2_Test_5@7c214cc0] output=URL of Complete Page = https://www.saucedemo.com/checkout-complete.html]]]>
              </value>
            </param>
          </params>
          <reporter-output>
          </reporter-output>
        </test-method> <!-- closeBrowser -->
        <test-method is-config="true" signature="setup()[pri:0, instance:testCases.Checkout_Page_2_Test_5@7c214cc0]" started-at="2023-12-20T11:21:26 IST" name="setup" finished-at="2023-12-20T11:21:32 IST" duration-ms="6321" status="PASS">
          <reporter-output>
          </reporter-output>
        </test-method> <!-- setup -->
        <test-method signature="verifyDescriptionLableTest()[pri:0, instance:testCases.Checkout_Page_2_Test_5@7c214cc0]" started-at="2023-12-20T11:21:32 IST" name="verifyDescriptionLableTest" finished-at="2023-12-20T11:21:32 IST" duration-ms="22" status="PASS">
          <reporter-output>
            <line>
              <![CDATA[Description]]>
            </line>
          </reporter-output>
        </test-method> <!-- verifyDescriptionLableTest -->
        <test-method is-config="true" signature="closeBrowser(org.testng.ITestResult)[pri:0, instance:testCases.Checkout_Page_2_Test_5@7c214cc0]" started-at="2023-12-20T11:21:32 IST" name="closeBrowser" finished-at="2023-12-20T11:21:33 IST" duration-ms="142" status="PASS">
          <params>
            <param index="0">
              <value>
                <![CDATA[[TestResult name=verifyDescriptionLableTest status=SUCCESS method=Checkout_Page_2_Test_5.verifyDescriptionLableTest()[pri:0, instance:testCases.Checkout_Page_2_Test_5@7c214cc0] output=Description]]]>
              </value>
            </param>
          </params>
          <reporter-output>
          </reporter-output>
        </test-method> <!-- closeBrowser -->
        <test-method is-config="true" signature="setup()[pri:0, instance:testCases.Checkout_Page_2_Test_5@7c214cc0]" started-at="2023-12-20T11:21:33 IST" name="setup" finished-at="2023-12-20T11:21:39 IST" duration-ms="6334" status="PASS">
          <reporter-output>
          </reporter-output>
        </test-method> <!-- setup -->
        <test-method signature="verifyPaymentInfoLableTest()[pri:0, instance:testCases.Checkout_Page_2_Test_5@7c214cc0]" started-at="2023-12-20T11:21:39 IST" name="verifyPaymentInfoLableTest" finished-at="2023-12-20T11:21:39 IST" duration-ms="22" status="PASS">
          <reporter-output>
            <line>
              <![CDATA[Payment Information]]>
            </line>
          </reporter-output>
        </test-method> <!-- verifyPaymentInfoLableTest -->
        <test-method is-config="true" signature="closeBrowser(org.testng.ITestResult)[pri:0, instance:testCases.Checkout_Page_2_Test_5@7c214cc0]" started-at="2023-12-20T11:21:39 IST" name="closeBrowser" finished-at="2023-12-20T11:21:39 IST" duration-ms="126" status="PASS">
          <params>
            <param index="0">
              <value>
                <![CDATA[[TestResult name=verifyPaymentInfoLableTest status=SUCCESS method=Checkout_Page_2_Test_5.verifyPaymentInfoLableTest()[pri:0, instance:testCases.Checkout_Page_2_Test_5@7c214cc0] output=Payment Information]]]>
              </value>
            </param>
          </params>
          <reporter-output>
          </reporter-output>
        </test-method> <!-- closeBrowser -->
        <test-method is-config="true" signature="setup()[pri:0, instance:testCases.Checkout_Page_2_Test_5@7c214cc0]" started-at="2023-12-20T11:21:39 IST" name="setup" finished-at="2023-12-20T11:21:45 IST" duration-ms="6241" status="PASS">
          <reporter-output>
          </reporter-output>
        </test-method> <!-- setup -->
        <test-method signature="verifyQTYLableTest()[pri:0, instance:testCases.Checkout_Page_2_Test_5@7c214cc0]" started-at="2023-12-20T11:21:45 IST" name="verifyQTYLableTest" finished-at="2023-12-20T11:21:45 IST" duration-ms="20" status="PASS">
          <reporter-output>
            <line>
              <![CDATA[QTY]]>
            </line>
          </reporter-output>
        </test-method> <!-- verifyQTYLableTest -->
        <test-method is-config="true" signature="closeBrowser(org.testng.ITestResult)[pri:0, instance:testCases.Checkout_Page_2_Test_5@7c214cc0]" started-at="2023-12-20T11:21:45 IST" name="closeBrowser" finished-at="2023-12-20T11:21:45 IST" duration-ms="138" status="PASS">
          <params>
            <param index="0">
              <value>
                <![CDATA[[TestResult name=verifyQTYLableTest status=SUCCESS method=Checkout_Page_2_Test_5.verifyQTYLableTest()[pri:0, instance:testCases.Checkout_Page_2_Test_5@7c214cc0] output=QTY]]]>
              </value>
            </param>
          </params>
          <reporter-output>
          </reporter-output>
        </test-method> <!-- closeBrowser -->
        <test-method is-config="true" signature="setup()[pri:0, instance:testCases.Checkout_Page_2_Test_5@7c214cc0]" started-at="2023-12-20T11:21:45 IST" name="setup" finished-at="2023-12-20T11:21:52 IST" duration-ms="6182" status="PASS">
          <reporter-output>
          </reporter-output>
        </test-method> <!-- setup -->
        <test-method signature="verifyShippinfInfoLableTest()[pri:0, instance:testCases.Checkout_Page_2_Test_5@7c214cc0]" started-at="2023-12-20T11:21:52 IST" name="verifyShippinfInfoLableTest" finished-at="2023-12-20T11:21:52 IST" duration-ms="27" status="PASS">
          <reporter-output>
            <line>
              <![CDATA[Shipping Information]]>
            </line>
          </reporter-output>
        </test-method> <!-- verifyShippinfInfoLableTest -->
        <test-method is-config="true" signature="closeBrowser(org.testng.ITestResult)[pri:0, instance:testCases.Checkout_Page_2_Test_5@7c214cc0]" started-at="2023-12-20T11:21:52 IST" name="closeBrowser" finished-at="2023-12-20T11:21:52 IST" duration-ms="148" status="PASS">
          <params>
            <param index="0">
              <value>
                <![CDATA[[TestResult name=verifyShippinfInfoLableTest status=SUCCESS method=Checkout_Page_2_Test_5.verifyShippinfInfoLableTest()[pri:0, instance:testCases.Checkout_Page_2_Test_5@7c214cc0] output=Shipping Information]]]>
              </value>
            </param>
          </params>
          <reporter-output>
          </reporter-output>
        </test-method> <!-- closeBrowser -->
        <test-method is-config="true" signature="setup()[pri:0, instance:testCases.Checkout_Page_2_Test_5@7c214cc0]" started-at="2023-12-20T11:21:52 IST" name="setup" finished-at="2023-12-20T11:21:58 IST" duration-ms="6289" status="PASS">
          <reporter-output>
          </reporter-output>
        </test-method> <!-- setup -->
        <test-method signature="verifycheckoutOverviewLableTest()[pri:0, instance:testCases.Checkout_Page_2_Test_5@7c214cc0]" started-at="2023-12-20T11:21:58 IST" name="verifycheckoutOverviewLableTest" finished-at="2023-12-20T11:21:58 IST" duration-ms="25" status="PASS">
          <reporter-output>
            <line>
              <![CDATA[Lable of Checkout Page 2 = Checkout: Overview]]>
            </line>
          </reporter-output>
        </test-method> <!-- verifycheckoutOverviewLableTest -->
        <test-method is-config="true" signature="closeBrowser(org.testng.ITestResult)[pri:0, instance:testCases.Checkout_Page_2_Test_5@7c214cc0]" started-at="2023-12-20T11:21:58 IST" name="closeBrowser" finished-at="2023-12-20T11:21:58 IST" duration-ms="132" status="PASS">
          <params>
            <param index="0">
              <value>
                <![CDATA[[TestResult name=verifycheckoutOverviewLableTest status=SUCCESS method=Checkout_Page_2_Test_5.verifycheckoutOverviewLableTest()[pri:0, instance:testCases.Checkout_Page_2_Test_5@7c214cc0] output=Lable of Checkout Page 2 = Checkout: Overview]]]>
              </value>
            </param>
          </params>
          <reporter-output>
          </reporter-output>
        </test-method> <!-- closeBrowser -->
      </class> <!-- testCases.Checkout_Page_2_Test_5 -->
      <class name="testCases.Complete_Page_6_Test">
        <test-method is-config="true" signature="setup()[pri:0, instance:testCases.Complete_Page_6_Test@5b67bb7e]" started-at="2023-12-20T11:21:58 IST" name="setup" finished-at="2023-12-20T11:22:05 IST" duration-ms="6347" status="PASS">
          <reporter-output>
          </reporter-output>
        </test-method> <!-- setup -->
        <test-method signature="clickOnBackHomeBtnTest()[pri:0, instance:testCases.Complete_Page_6_Test@5b67bb7e]" started-at="2023-12-20T11:22:05 IST" name="clickOnBackHomeBtnTest" finished-at="2023-12-20T11:22:05 IST" duration-ms="71" status="PASS">
          <reporter-output>
            <line>
              <![CDATA[After Click On Back To Home Btn URL = https://www.saucedemo.com/inventory.html]]>
            </line>
          </reporter-output>
        </test-method> <!-- clickOnBackHomeBtnTest -->
        <test-method is-config="true" signature="closeBrowser(org.testng.ITestResult)[pri:0, instance:testCases.Complete_Page_6_Test@5b67bb7e]" started-at="2023-12-20T11:22:05 IST" name="closeBrowser" finished-at="2023-12-20T11:22:05 IST" duration-ms="131" status="PASS">
          <params>
            <param index="0">
              <value>
                <![CDATA[[TestResult name=clickOnBackHomeBtnTest status=SUCCESS method=Complete_Page_6_Test.clickOnBackHomeBtnTest()[pri:0, instance:testCases.Complete_Page_6_Test@5b67bb7e] output=After Click On Back To Home Btn URL = https://www.saucedemo.com/inventory.html]]]>
              </value>
            </param>
          </params>
          <reporter-output>
          </reporter-output>
        </test-method> <!-- closeBrowser -->
        <test-method is-config="true" signature="setup()[pri:0, instance:testCases.Complete_Page_6_Test@5b67bb7e]" started-at="2023-12-20T11:22:05 IST" name="setup" finished-at="2023-12-20T11:22:11 IST" duration-ms="6649" status="PASS">
          <reporter-output>
          </reporter-output>
        </test-method> <!-- setup -->
        <test-method signature="verifyCheckoutCompleteLableTest()[pri:0, instance:testCases.Complete_Page_6_Test@5b67bb7e]" started-at="2023-12-20T11:22:11 IST" name="verifyCheckoutCompleteLableTest" finished-at="2023-12-20T11:22:11 IST" duration-ms="33" status="PASS">
          <reporter-output>
            <line>
              <![CDATA[Visibiliti of Checkout Complete Lable = Checkout: Complete!]]>
            </line>
          </reporter-output>
        </test-method> <!-- verifyCheckoutCompleteLableTest -->
        <test-method is-config="true" signature="closeBrowser(org.testng.ITestResult)[pri:0, instance:testCases.Complete_Page_6_Test@5b67bb7e]" started-at="2023-12-20T11:22:11 IST" name="closeBrowser" finished-at="2023-12-20T11:22:12 IST" duration-ms="189" status="PASS">
          <params>
            <param index="0">
              <value>
                <![CDATA[[TestResult name=verifyCheckoutCompleteLableTest status=SUCCESS method=Complete_Page_6_Test.verifyCheckoutCompleteLableTest()[pri:0, instance:testCases.Complete_Page_6_Test@5b67bb7e] output=Visibiliti of Checkout Complete Lable = Checkout: Complete!]]]>
              </value>
            </param>
          </params>
          <reporter-output>
          </reporter-output>
        </test-method> <!-- closeBrowser -->
        <test-method is-config="true" signature="setup()[pri:0, instance:testCases.Complete_Page_6_Test@5b67bb7e]" started-at="2023-12-20T11:22:12 IST" name="setup" finished-at="2023-12-20T11:22:18 IST" duration-ms="6275" status="PASS">
          <reporter-output>
          </reporter-output>
        </test-method> <!-- setup -->
        <test-method signature="verifyCompleteTextTest()[pri:0, instance:testCases.Complete_Page_6_Test@5b67bb7e]" started-at="2023-12-20T11:22:18 IST" name="verifyCompleteTextTest" finished-at="2023-12-20T11:22:18 IST" duration-ms="25" status="PASS">
          <reporter-output>
            <line>
              <![CDATA[Visibility of Complete text = Your order has been dispatched, and will arrive just as fast as the pony can get there!]]>
            </line>
          </reporter-output>
        </test-method> <!-- verifyCompleteTextTest -->
        <test-method is-config="true" signature="closeBrowser(org.testng.ITestResult)[pri:0, instance:testCases.Complete_Page_6_Test@5b67bb7e]" started-at="2023-12-20T11:22:18 IST" name="closeBrowser" finished-at="2023-12-20T11:22:18 IST" duration-ms="142" status="PASS">
          <params>
            <param index="0">
              <value>
                <![CDATA[[TestResult name=verifyCompleteTextTest status=SUCCESS method=Complete_Page_6_Test.verifyCompleteTextTest()[pri:0, instance:testCases.Complete_Page_6_Test@5b67bb7e] output=Visibility of Complete text = Your order has been dispatched, and will arrive just as fast as the pony can get there!]]]>
              </value>
            </param>
          </params>
          <reporter-output>
          </reporter-output>
        </test-method> <!-- closeBrowser -->
        <test-method is-config="true" signature="setup()[pri:0, instance:testCases.Complete_Page_6_Test@5b67bb7e]" started-at="2023-12-20T11:22:18 IST" name="setup" finished-at="2023-12-20T11:22:24 IST" duration-ms="6235" status="PASS">
          <reporter-output>
          </reporter-output>
        </test-method> <!-- setup -->
        <test-method signature="verifyPonyExpressIMGTest()[pri:0, instance:testCases.Complete_Page_6_Test@5b67bb7e]" started-at="2023-12-20T11:22:24 IST" name="verifyPonyExpressIMGTest" finished-at="2023-12-20T11:22:24 IST" duration-ms="36" status="PASS">
          <reporter-output>
            <line>
              <![CDATA[Visibility of PonnyExpressIMG = true]]>
            </line>
          </reporter-output>
        </test-method> <!-- verifyPonyExpressIMGTest -->
        <test-method is-config="true" signature="closeBrowser(org.testng.ITestResult)[pri:0, instance:testCases.Complete_Page_6_Test@5b67bb7e]" started-at="2023-12-20T11:22:24 IST" name="closeBrowser" finished-at="2023-12-20T11:22:24 IST" duration-ms="146" status="PASS">
          <params>
            <param index="0">
              <value>
                <![CDATA[[TestResult name=verifyPonyExpressIMGTest status=SUCCESS method=Complete_Page_6_Test.verifyPonyExpressIMGTest()[pri:0, instance:testCases.Complete_Page_6_Test@5b67bb7e] output=Visibility of PonnyExpressIMG = true]]]>
              </value>
            </param>
          </params>
          <reporter-output>
          </reporter-output>
        </test-method> <!-- closeBrowser -->
        <test-method is-config="true" signature="setup()[pri:0, instance:testCases.Complete_Page_6_Test@5b67bb7e]" started-at="2023-12-20T11:22:24 IST" name="setup" finished-at="2023-12-20T11:22:31 IST" duration-ms="6151" status="PASS">
          <reporter-output>
          </reporter-output>
        </test-method> <!-- setup -->
        <test-method signature="verifyThankYouForHeaderTest()[pri:0, instance:testCases.Complete_Page_6_Test@5b67bb7e]" started-at="2023-12-20T11:22:31 IST" name="verifyThankYouForHeaderTest" finished-at="2023-12-20T11:22:31 IST" duration-ms="24" status="PASS">
          <reporter-output>
            <line>
              <![CDATA[Visibility of Header Text = Thank you for your order!]]>
            </line>
          </reporter-output>
        </test-method> <!-- verifyThankYouForHeaderTest -->
        <test-method is-config="true" signature="closeBrowser(org.testng.ITestResult)[pri:0, instance:testCases.Complete_Page_6_Test@5b67bb7e]" started-at="2023-12-20T11:22:31 IST" name="closeBrowser" finished-at="2023-12-20T11:22:31 IST" duration-ms="182" status="PASS">
          <params>
            <param index="0">
              <value>
                <![CDATA[[TestResult name=verifyThankYouForHeaderTest status=SUCCESS method=Complete_Page_6_Test.verifyThankYouForHeaderTest()[pri:0, instance:testCases.Complete_Page_6_Test@5b67bb7e] output=Visibility of Header Text = Thank you for your order!]]]>
              </value>
            </param>
          </params>
          <reporter-output>
          </reporter-output>
        </test-method> <!-- closeBrowser -->
      </class> <!-- testCases.Complete_Page_6_Test -->
      <class name="testCases.LoginPage_1_Test">
        <test-method is-config="true" signature="setup()[pri:0, instance:testCases.LoginPage_1_Test@59e32960]" started-at="2023-12-20T11:21:04 IST" name="setup" finished-at="2023-12-20T11:21:09 IST" duration-ms="5094" status="PASS">
          <reporter-output>
          </reporter-output>
        </test-method> <!-- setup -->
        <test-method signature="verifyTitleofApplicationTest()[pri:1, instance:testCases.LoginPage_1_Test@59e32960]" started-at="2023-12-20T11:21:09 IST" name="verifyTitleofApplicationTest" finished-at="2023-12-20T11:21:09 IST" duration-ms="32" status="PASS">
          <reporter-output>
            <line>
              <![CDATA[Verify After Login Title of Application = Swag Labs]]>
            </line>
          </reporter-output>
        </test-method> <!-- verifyTitleofApplicationTest -->
        <test-method is-config="true" signature="closeBrowser(org.testng.ITestResult)[pri:0, instance:testCases.LoginPage_1_Test@59e32960]" started-at="2023-12-20T11:21:09 IST" name="closeBrowser" finished-at="2023-12-20T11:21:09 IST" duration-ms="504" status="PASS">
          <params>
            <param index="0">
              <value>
                <![CDATA[[TestResult name=verifyTitleofApplicationTest status=SUCCESS method=LoginPage_1_Test.verifyTitleofApplicationTest()[pri:1, instance:testCases.LoginPage_1_Test@59e32960] output=Verify After Login Title of Application = Swag Labs]]]>
              </value>
            </param>
          </params>
          <reporter-output>
          </reporter-output>
        </test-method> <!-- closeBrowser -->
        <test-method is-config="true" signature="setup()[pri:0, instance:testCases.LoginPage_1_Test@59e32960]" started-at="2023-12-20T11:21:09 IST" name="setup" finished-at="2023-12-20T11:21:14 IST" duration-ms="4799" status="PASS">
          <reporter-output>
          </reporter-output>
        </test-method> <!-- setup -->
        <test-method signature="verifyURLofApplicationTest()[pri:2, instance:testCases.LoginPage_1_Test@59e32960]" started-at="2023-12-20T11:21:14 IST" name="verifyURLofApplicationTest" finished-at="2023-12-20T11:21:14 IST" duration-ms="16" status="PASS">
          <reporter-output>
            <line>
              <![CDATA[Verify Login URL of Application = https://www.saucedemo.com/]]>
            </line>
          </reporter-output>
        </test-method> <!-- verifyURLofApplicationTest -->
        <test-method is-config="true" signature="closeBrowser(org.testng.ITestResult)[pri:0, instance:testCases.LoginPage_1_Test@59e32960]" started-at="2023-12-20T11:21:14 IST" name="closeBrowser" finished-at="2023-12-20T11:21:14 IST" duration-ms="213" status="PASS">
          <params>
            <param index="0">
              <value>
                <![CDATA[[TestResult name=verifyURLofApplicationTest status=SUCCESS method=LoginPage_1_Test.verifyURLofApplicationTest()[pri:2, instance:testCases.LoginPage_1_Test@59e32960] output=Verify Login URL of Application = https://www.saucedemo.com/]]]>
              </value>
            </param>
          </params>
          <reporter-output>
          </reporter-output>
        </test-method> <!-- closeBrowser -->
        <test-method is-config="true" signature="setup()[pri:0, instance:testCases.LoginPage_1_Test@59e32960]" started-at="2023-12-20T11:21:14 IST" name="setup" finished-at="2023-12-20T11:21:19 IST" duration-ms="4746" status="PASS">
          <reporter-output>
          </reporter-output>
        </test-method> <!-- setup -->
        <test-method signature="loginToApplicationTest()[pri:3, instance:testCases.LoginPage_1_Test@59e32960]" started-at="2023-12-20T11:21:19 IST" name="loginToApplicationTest" finished-at="2023-12-20T11:21:19 IST" duration-ms="404" status="PASS">
          <reporter-output>
            <line>
              <![CDATA[Verify After Login Inventary Page URL = https://www.saucedemo.com/inventory.html]]>
            </line>
          </reporter-output>
        </test-method> <!-- loginToApplicationTest -->
        <test-method is-config="true" signature="closeBrowser(org.testng.ITestResult)[pri:0, instance:testCases.LoginPage_1_Test@59e32960]" started-at="2023-12-20T11:21:19 IST" name="closeBrowser" finished-at="2023-12-20T11:21:20 IST" duration-ms="286" status="PASS">
          <params>
            <param index="0">
              <value>
                <![CDATA[[TestResult name=loginToApplicationTest status=SUCCESS method=LoginPage_1_Test.loginToApplicationTest()[pri:3, instance:testCases.LoginPage_1_Test@59e32960] output=Verify After Login Inventary Page URL = https://www.saucedemo.com/inventory.html]]]>
              </value>
            </param>
          </params>
          <reporter-output>
          </reporter-output>
        </test-method> <!-- closeBrowser -->
      </class> <!-- testCases.LoginPage_1_Test -->
      <class name="testCases.Inventary_Page_2_Test">
        <test-method is-config="true" signature="setup()[pri:0, instance:testCases.Inventary_Page_2_Test@3561c410]" started-at="2023-12-20T11:20:23 IST" name="setup" finished-at="2023-12-20T11:20:28 IST" duration-ms="5139" status="PASS">
          <reporter-output>
          </reporter-output>
        </test-method> <!-- setup -->
        <test-method signature="add6ProductsTest()[pri:0, instance:testCases.Inventary_Page_2_Test@3561c410]" started-at="2023-12-20T11:20:28 IST" name="add6ProductsTest" finished-at="2023-12-20T11:20:29 IST" duration-ms="657" status="PASS">
          <reporter-output>
            <line>
              <![CDATA[Total Product Add To Cart = 6]]>
            </line>
          </reporter-output>
        </test-method> <!-- add6ProductsTest -->
        <test-method is-config="true" signature="closeBrowser(org.testng.ITestResult)[pri:0, instance:testCases.Inventary_Page_2_Test@3561c410]" started-at="2023-12-20T11:20:29 IST" name="closeBrowser" finished-at="2023-12-20T11:20:29 IST" duration-ms="132" status="PASS">
          <params>
            <param index="0">
              <value>
                <![CDATA[[TestResult name=add6ProductsTest status=SUCCESS method=Inventary_Page_2_Test.add6ProductsTest()[pri:0, instance:testCases.Inventary_Page_2_Test@3561c410] output=Total Product Add To Cart = 6]]]>
              </value>
            </param>
          </params>
          <reporter-output>
          </reporter-output>
        </test-method> <!-- closeBrowser -->
        <test-method is-config="true" signature="setup()[pri:0, instance:testCases.Inventary_Page_2_Test@3561c410]" started-at="2023-12-20T11:20:29 IST" name="setup" finished-at="2023-12-20T11:20:34 IST" duration-ms="5068" status="PASS">
          <reporter-output>
          </reporter-output>
        </test-method> <!-- setup -->
        <test-method signature="remove2Products()[pri:0, instance:testCases.Inventary_Page_2_Test@3561c410]" started-at="2023-12-20T11:20:34 IST" name="remove2Products" finished-at="2023-12-20T11:20:35 IST" duration-ms="743" status="PASS">
          <reporter-output>
            <line>
              <![CDATA[Count of Product After Removing = 4]]>
            </line>
          </reporter-output>
        </test-method> <!-- remove2Products -->
        <test-method is-config="true" signature="closeBrowser(org.testng.ITestResult)[pri:0, instance:testCases.Inventary_Page_2_Test@3561c410]" started-at="2023-12-20T11:20:35 IST" name="closeBrowser" finished-at="2023-12-20T11:20:35 IST" duration-ms="145" status="PASS">
          <params>
            <param index="0">
              <value>
                <![CDATA[[TestResult name=remove2Products status=SUCCESS method=Inventary_Page_2_Test.remove2Products()[pri:0, instance:testCases.Inventary_Page_2_Test@3561c410] output=Count of Product After Removing = 4]]]>
              </value>
            </param>
          </params>
          <reporter-output>
          </reporter-output>
        </test-method> <!-- closeBrowser -->
        <test-method is-config="true" signature="setup()[pri:0, instance:testCases.Inventary_Page_2_Test@3561c410]" started-at="2023-12-20T11:20:35 IST" name="setup" finished-at="2023-12-20T11:20:40 IST" duration-ms="5127" status="PASS">
          <reporter-output>
          </reporter-output>
        </test-method> <!-- setup -->
        <test-method signature="verifyProductLableTest()[pri:0, instance:testCases.Inventary_Page_2_Test@3561c410]" started-at="2023-12-20T11:20:40 IST" name="verifyProductLableTest" finished-at="2023-12-20T11:20:40 IST" duration-ms="97" status="PASS">
          <reporter-output>
            <line>
              <![CDATA[Product Labels Of Inventary Page = Products]]>
            </line>
          </reporter-output>
        </test-method> <!-- verifyProductLableTest -->
        <test-method is-config="true" signature="closeBrowser(org.testng.ITestResult)[pri:0, instance:testCases.Inventary_Page_2_Test@3561c410]" started-at="2023-12-20T11:20:40 IST" name="closeBrowser" finished-at="2023-12-20T11:20:42 IST" duration-ms="1794" status="PASS">
          <params>
            <param index="0">
              <value>
                <![CDATA[[TestResult name=verifyProductLableTest status=SUCCESS method=Inventary_Page_2_Test.verifyProductLableTest()[pri:0, instance:testCases.Inventary_Page_2_Test@3561c410] output=Product Labels Of Inventary Page = Products]]]>
              </value>
            </param>
          </params>
          <reporter-output>
          </reporter-output>
        </test-method> <!-- closeBrowser -->
        <test-method is-config="true" signature="setup()[pri:0, instance:testCases.Inventary_Page_2_Test@3561c410]" started-at="2023-12-20T11:20:42 IST" name="setup" finished-at="2023-12-20T11:20:47 IST" duration-ms="5289" status="PASS">
          <reporter-output>
          </reporter-output>
        </test-method> <!-- setup -->
        <test-method signature="verifyTwitterLogoTest()[pri:0, instance:testCases.Inventary_Page_2_Test@3561c410]" started-at="2023-12-20T11:20:47 IST" name="verifyTwitterLogoTest" finished-at="2023-12-20T11:20:47 IST" duration-ms="59" status="PASS">
          <reporter-output>
            <line>
              <![CDATA[Visibility of Twitter Logo = true]]>
            </line>
          </reporter-output>
        </test-method> <!-- verifyTwitterLogoTest -->
        <test-method is-config="true" signature="closeBrowser(org.testng.ITestResult)[pri:0, instance:testCases.Inventary_Page_2_Test@3561c410]" started-at="2023-12-20T11:20:47 IST" name="closeBrowser" finished-at="2023-12-20T11:20:48 IST" duration-ms="168" status="PASS">
          <params>
            <param index="0">
              <value>
                <![CDATA[[TestResult name=verifyTwitterLogoTest status=SUCCESS method=Inventary_Page_2_Test.verifyTwitterLogoTest()[pri:0, instance:testCases.Inventary_Page_2_Test@3561c410] output=Visibility of Twitter Logo = true]]]>
              </value>
            </param>
          </params>
          <reporter-output>
          </reporter-output>
        </test-method> <!-- closeBrowser -->
        <test-method is-config="true" signature="setup()[pri:0, instance:testCases.Inventary_Page_2_Test@3561c410]" started-at="2023-12-20T11:20:48 IST" name="setup" finished-at="2023-12-20T11:20:53 IST" duration-ms="5112" status="PASS">
          <reporter-output>
          </reporter-output>
        </test-method> <!-- setup -->
        <test-method signature="verifyfacebookLogoTest()[pri:0, instance:testCases.Inventary_Page_2_Test@3561c410]" started-at="2023-12-20T11:20:53 IST" name="verifyfacebookLogoTest" finished-at="2023-12-20T11:20:53 IST" duration-ms="55" status="PASS">
          <reporter-output>
            <line>
              <![CDATA[Visibility of Facebook Logo = true]]>
            </line>
          </reporter-output>
        </test-method> <!-- verifyfacebookLogoTest -->
        <test-method is-config="true" signature="closeBrowser(org.testng.ITestResult)[pri:0, instance:testCases.Inventary_Page_2_Test@3561c410]" started-at="2023-12-20T11:20:53 IST" name="closeBrowser" finished-at="2023-12-20T11:20:53 IST" duration-ms="146" status="PASS">
          <params>
            <param index="0">
              <value>
                <![CDATA[[TestResult name=verifyfacebookLogoTest status=SUCCESS method=Inventary_Page_2_Test.verifyfacebookLogoTest()[pri:0, instance:testCases.Inventary_Page_2_Test@3561c410] output=Visibility of Facebook Logo = true]]]>
              </value>
            </param>
          </params>
          <reporter-output>
          </reporter-output>
        </test-method> <!-- closeBrowser -->
        <test-method is-config="true" signature="setup()[pri:0, instance:testCases.Inventary_Page_2_Test@3561c410]" started-at="2023-12-20T11:20:53 IST" name="setup" finished-at="2023-12-20T11:20:58 IST" duration-ms="5106" status="PASS">
          <reporter-output>
          </reporter-output>
        </test-method> <!-- setup -->
        <test-method signature="verifylinkinedLogoTest()[pri:0, instance:testCases.Inventary_Page_2_Test@3561c410]" started-at="2023-12-20T11:20:58 IST" name="verifylinkinedLogoTest" finished-at="2023-12-20T11:20:58 IST" duration-ms="84" status="PASS">
          <reporter-output>
            <line>
              <![CDATA[Visibility of Linkined Logo = true]]>
            </line>
          </reporter-output>
        </test-method> <!-- verifylinkinedLogoTest -->
        <test-method is-config="true" signature="closeBrowser(org.testng.ITestResult)[pri:0, instance:testCases.Inventary_Page_2_Test@3561c410]" started-at="2023-12-20T11:20:58 IST" name="closeBrowser" finished-at="2023-12-20T11:20:58 IST" duration-ms="180" status="PASS">
          <params>
            <param index="0">
              <value>
                <![CDATA[[TestResult name=verifylinkinedLogoTest status=SUCCESS method=Inventary_Page_2_Test.verifylinkinedLogoTest()[pri:0, instance:testCases.Inventary_Page_2_Test@3561c410] output=Visibility of Linkined Logo = true]]]>
              </value>
            </param>
          </params>
          <reporter-output>
          </reporter-output>
        </test-method> <!-- closeBrowser -->
        <test-method is-config="true" signature="setup()[pri:0, instance:testCases.Inventary_Page_2_Test@3561c410]" started-at="2023-12-20T11:20:58 IST" name="setup" finished-at="2023-12-20T11:21:03 IST" duration-ms="5077" status="PASS">
          <reporter-output>
          </reporter-output>
        </test-method> <!-- setup -->
        <test-method signature="verifytitleofInventaryPageTest()[pri:0, instance:testCases.Inventary_Page_2_Test@3561c410]" started-at="2023-12-20T11:21:03 IST" name="verifytitleofInventaryPageTest" finished-at="2023-12-20T11:21:03 IST" duration-ms="0" status="PASS">
          <reporter-output>
            <line>
              <![CDATA[Logo Of Inventary Page = Swag Labs]]>
            </line>
          </reporter-output>
        </test-method> <!-- verifytitleofInventaryPageTest -->
        <test-method is-config="true" signature="closeBrowser(org.testng.ITestResult)[pri:0, instance:testCases.Inventary_Page_2_Test@3561c410]" started-at="2023-12-20T11:21:03 IST" name="closeBrowser" finished-at="2023-12-20T11:21:04 IST" duration-ms="149" status="PASS">
          <params>
            <param index="0">
              <value>
                <![CDATA[[TestResult name=verifytitleofInventaryPageTest status=SUCCESS method=Inventary_Page_2_Test.verifytitleofInventaryPageTest()[pri:0, instance:testCases.Inventary_Page_2_Test@3561c410] output=Logo Of Inventary Page = Swag Labs]]]>
              </value>
            </param>
          </params>
          <reporter-output>
          </reporter-output>
        </test-method> <!-- closeBrowser -->
      </class> <!-- testCases.Inventary_Page_2_Test -->
      <class name="testCases.Cart_3_Test">
        <test-method is-config="true" signature="setup()[pri:0, instance:testCases.Cart_3_Test@b978d10]" started-at="2023-12-20T11:18:49 IST" name="setup" finished-at="2023-12-20T11:18:56 IST" duration-ms="7770" status="PASS">
          <reporter-output>
          </reporter-output>
        </test-method> <!-- setup -->
        <test-method signature="clickCheckoutbtnTest()[pri:0, instance:testCases.Cart_3_Test@b978d10]" started-at="2023-12-20T11:18:56 IST" name="clickCheckoutbtnTest" finished-at="2023-12-20T11:18:56 IST" duration-ms="88" status="PASS">
          <reporter-output>
            <line>
              <![CDATA[Varify After Click on Checkoutbtn URL = https://www.saucedemo.com/checkout-step-one.html]]>
            </line>
          </reporter-output>
        </test-method> <!-- clickCheckoutbtnTest -->
        <test-method is-config="true" signature="closeBrowser(org.testng.ITestResult)[pri:0, instance:testCases.Cart_3_Test@b978d10]" started-at="2023-12-20T11:18:56 IST" name="closeBrowser" finished-at="2023-12-20T11:18:57 IST" duration-ms="163" status="PASS">
          <params>
            <param index="0">
              <value>
                <![CDATA[[TestResult name=clickCheckoutbtnTest status=SUCCESS method=Cart_3_Test.clickCheckoutbtnTest()[pri:0, instance:testCases.Cart_3_Test@b978d10] output=Varify After Click on Checkoutbtn URL = https://www.saucedemo.com/checkout-step-one.html]]]>
              </value>
            </param>
          </params>
          <reporter-output>
          </reporter-output>
        </test-method> <!-- closeBrowser -->
        <test-method is-config="true" signature="setup()[pri:0, instance:testCases.Cart_3_Test@b978d10]" started-at="2023-12-20T11:18:57 IST" name="setup" finished-at="2023-12-20T11:19:03 IST" duration-ms="5899" status="PASS">
          <reporter-output>
          </reporter-output>
        </test-method> <!-- setup -->
        <test-method signature="clickContinueShoppingbtnTest()[pri:0, instance:testCases.Cart_3_Test@b978d10]" started-at="2023-12-20T11:19:03 IST" name="clickContinueShoppingbtnTest" finished-at="2023-12-20T11:19:03 IST" duration-ms="100" status="PASS">
          <reporter-output>
            <line>
              <![CDATA[Verify After Click on Con Shopping btn URL = https://www.saucedemo.com/inventory.html]]>
            </line>
          </reporter-output>
        </test-method> <!-- clickContinueShoppingbtnTest -->
        <test-method is-config="true" signature="closeBrowser(org.testng.ITestResult)[pri:0, instance:testCases.Cart_3_Test@b978d10]" started-at="2023-12-20T11:19:03 IST" name="closeBrowser" finished-at="2023-12-20T11:19:03 IST" duration-ms="136" status="PASS">
          <params>
            <param index="0">
              <value>
                <![CDATA[[TestResult name=clickContinueShoppingbtnTest status=SUCCESS method=Cart_3_Test.clickContinueShoppingbtnTest()[pri:0, instance:testCases.Cart_3_Test@b978d10] output=Verify After Click on Con Shopping btn URL = https://www.saucedemo.com/inventory.html]]]>
              </value>
            </param>
          </params>
          <reporter-output>
          </reporter-output>
        </test-method> <!-- closeBrowser -->
        <test-method is-config="true" signature="setup()[pri:0, instance:testCases.Cart_3_Test@b978d10]" started-at="2023-12-20T11:19:03 IST" name="setup" finished-at="2023-12-20T11:19:09 IST" duration-ms="5761" status="PASS">
          <reporter-output>
          </reporter-output>
        </test-method> <!-- setup -->
        <test-method signature="verifyCartDescriptionLableTest()[pri:0, instance:testCases.Cart_3_Test@b978d10]" started-at="2023-12-20T11:19:09 IST" name="verifyCartDescriptionLableTest" finished-at="2023-12-20T11:19:09 IST" duration-ms="31" status="PASS">
          <reporter-output>
            <line>
              <![CDATA[Verify Cart Page Description Lable = Description]]>
            </line>
          </reporter-output>
        </test-method> <!-- verifyCartDescriptionLableTest -->
        <test-method is-config="true" signature="closeBrowser(org.testng.ITestResult)[pri:0, instance:testCases.Cart_3_Test@b978d10]" started-at="2023-12-20T11:19:09 IST" name="closeBrowser" finished-at="2023-12-20T11:19:09 IST" duration-ms="146" status="PASS">
          <params>
            <param index="0">
              <value>
                <![CDATA[[TestResult name=verifyCartDescriptionLableTest status=SUCCESS method=Cart_3_Test.verifyCartDescriptionLableTest()[pri:0, instance:testCases.Cart_3_Test@b978d10] output=Verify Cart Page Description Lable = Description]]]>
              </value>
            </param>
          </params>
          <reporter-output>
          </reporter-output>
        </test-method> <!-- closeBrowser -->
        <test-method is-config="true" signature="setup()[pri:0, instance:testCases.Cart_3_Test@b978d10]" started-at="2023-12-20T11:19:09 IST" name="setup" finished-at="2023-12-20T11:19:15 IST" duration-ms="5924" status="PASS">
          <reporter-output>
          </reporter-output>
        </test-method> <!-- setup -->
        <test-method signature="verifyCartQTYLableTest()[pri:0, instance:testCases.Cart_3_Test@b978d10]" started-at="2023-12-20T11:19:15 IST" name="verifyCartQTYLableTest" finished-at="2023-12-20T11:19:15 IST" duration-ms="40" status="PASS">
          <reporter-output>
            <line>
              <![CDATA[Verify Cart Page QTY Lable = QTY]]>
            </line>
          </reporter-output>
        </test-method> <!-- verifyCartQTYLableTest -->
        <test-method is-config="true" signature="closeBrowser(org.testng.ITestResult)[pri:0, instance:testCases.Cart_3_Test@b978d10]" started-at="2023-12-20T11:19:15 IST" name="closeBrowser" finished-at="2023-12-20T11:19:15 IST" duration-ms="144" status="PASS">
          <params>
            <param index="0">
              <value>
                <![CDATA[[TestResult name=verifyCartQTYLableTest status=SUCCESS method=Cart_3_Test.verifyCartQTYLableTest()[pri:0, instance:testCases.Cart_3_Test@b978d10] output=Verify Cart Page QTY Lable = QTY]]]>
              </value>
            </param>
          </params>
          <reporter-output>
          </reporter-output>
        </test-method> <!-- closeBrowser -->
        <test-method is-config="true" signature="setup()[pri:0, instance:testCases.Cart_3_Test@b978d10]" started-at="2023-12-20T11:19:15 IST" name="setup" finished-at="2023-12-20T11:19:21 IST" duration-ms="5964" status="PASS">
          <reporter-output>
          </reporter-output>
        </test-method> <!-- setup -->
        <test-method signature="verifyTitleOfApplicationTest()[pri:0, instance:testCases.Cart_3_Test@b978d10]" started-at="2023-12-20T11:19:21 IST" name="verifyTitleOfApplicationTest" finished-at="2023-12-20T11:19:22 IST" duration-ms="749" status="PASS">
          <reporter-output>
            <line>
              <![CDATA[Logo of Cart Page= Swag Labs]]>
            </line>
          </reporter-output>
        </test-method> <!-- verifyTitleOfApplicationTest -->
        <test-method is-config="true" signature="closeBrowser(org.testng.ITestResult)[pri:0, instance:testCases.Cart_3_Test@b978d10]" started-at="2023-12-20T11:19:22 IST" name="closeBrowser" finished-at="2023-12-20T11:19:22 IST" duration-ms="173" status="PASS">
          <params>
            <param index="0">
              <value>
                <![CDATA[[TestResult name=verifyTitleOfApplicationTest status=SUCCESS method=Cart_3_Test.verifyTitleOfApplicationTest()[pri:0, instance:testCases.Cart_3_Test@b978d10] output=Logo of Cart Page= Swag Labs]]]>
              </value>
            </param>
          </params>
          <reporter-output>
          </reporter-output>
        </test-method> <!-- closeBrowser -->
        <test-method is-config="true" signature="setup()[pri:0, instance:testCases.Cart_3_Test@b978d10]" started-at="2023-12-20T11:19:22 IST" name="setup" finished-at="2023-12-20T11:19:28 IST" duration-ms="5860" status="PASS">
          <reporter-output>
          </reporter-output>
        </test-method> <!-- setup -->
        <test-method signature="verifyTwitterLogoTest()[pri:0, instance:testCases.Cart_3_Test@b978d10]" started-at="2023-12-20T11:19:28 IST" name="verifyTwitterLogoTest" finished-at="2023-12-20T11:19:28 IST" duration-ms="67" status="PASS">
          <reporter-output>
            <line>
              <![CDATA[Visibility of Twitter Logo = true]]>
            </line>
          </reporter-output>
        </test-method> <!-- verifyTwitterLogoTest -->
        <test-method is-config="true" signature="closeBrowser(org.testng.ITestResult)[pri:0, instance:testCases.Cart_3_Test@b978d10]" started-at="2023-12-20T11:19:28 IST" name="closeBrowser" finished-at="2023-12-20T11:19:28 IST" duration-ms="146" status="PASS">
          <params>
            <param index="0">
              <value>
                <![CDATA[[TestResult name=verifyTwitterLogoTest status=SUCCESS method=Cart_3_Test.verifyTwitterLogoTest()[pri:0, instance:testCases.Cart_3_Test@b978d10] output=Visibility of Twitter Logo = true]]]>
              </value>
            </param>
          </params>
          <reporter-output>
          </reporter-output>
        </test-method> <!-- closeBrowser -->
        <test-method is-config="true" signature="setup()[pri:0, instance:testCases.Cart_3_Test@b978d10]" started-at="2023-12-20T11:19:28 IST" name="setup" finished-at="2023-12-20T11:19:34 IST" duration-ms="5945" status="PASS">
          <reporter-output>
          </reporter-output>
        </test-method> <!-- setup -->
        <test-method signature="verifyURLofApplicationTest()[pri:0, instance:testCases.Cart_3_Test@b978d10]" started-at="2023-12-20T11:19:34 IST" name="verifyURLofApplicationTest" finished-at="2023-12-20T11:19:34 IST" duration-ms="8" status="PASS">
          <reporter-output>
            <line>
              <![CDATA[Verify URL of Cart Page = https://www.saucedemo.com/cart.html]]>
            </line>
          </reporter-output>
        </test-method> <!-- verifyURLofApplicationTest -->
        <test-method is-config="true" signature="closeBrowser(org.testng.ITestResult)[pri:0, instance:testCases.Cart_3_Test@b978d10]" started-at="2023-12-20T11:19:34 IST" name="closeBrowser" finished-at="2023-12-20T11:19:34 IST" duration-ms="114" status="PASS">
          <params>
            <param index="0">
              <value>
                <![CDATA[[TestResult name=verifyURLofApplicationTest status=SUCCESS method=Cart_3_Test.verifyURLofApplicationTest()[pri:0, instance:testCases.Cart_3_Test@b978d10] output=Verify URL of Cart Page = https://www.saucedemo.com/cart.html]]]>
              </value>
            </param>
          </params>
          <reporter-output>
          </reporter-output>
        </test-method> <!-- closeBrowser -->
        <test-method is-config="true" signature="setup()[pri:0, instance:testCases.Cart_3_Test@b978d10]" started-at="2023-12-20T11:19:34 IST" name="setup" finished-at="2023-12-20T11:19:40 IST" duration-ms="5817" status="PASS">
          <reporter-output>
          </reporter-output>
        </test-method> <!-- setup -->
        <test-method signature="verifyYourCartLableTest()[pri:0, instance:testCases.Cart_3_Test@b978d10]" started-at="2023-12-20T11:19:40 IST" name="verifyYourCartLableTest" finished-at="2023-12-20T11:19:40 IST" duration-ms="26" status="PASS">
          <reporter-output>
            <line>
              <![CDATA[Verify Your Cart Lable= Your Cart]]>
            </line>
          </reporter-output>
        </test-method> <!-- verifyYourCartLableTest -->
        <test-method is-config="true" signature="closeBrowser(org.testng.ITestResult)[pri:0, instance:testCases.Cart_3_Test@b978d10]" started-at="2023-12-20T11:19:40 IST" name="closeBrowser" finished-at="2023-12-20T11:19:40 IST" duration-ms="165" status="PASS">
          <params>
            <param index="0">
              <value>
                <![CDATA[[TestResult name=verifyYourCartLableTest status=SUCCESS method=Cart_3_Test.verifyYourCartLableTest()[pri:0, instance:testCases.Cart_3_Test@b978d10] output=Verify Your Cart Lable= Your Cart]]]>
              </value>
            </param>
          </params>
          <reporter-output>
          </reporter-output>
        </test-method> <!-- closeBrowser -->
        <test-method is-config="true" signature="setup()[pri:0, instance:testCases.Cart_3_Test@b978d10]" started-at="2023-12-20T11:19:40 IST" name="setup" finished-at="2023-12-20T11:19:46 IST" duration-ms="5810" status="PASS">
          <reporter-output>
          </reporter-output>
        </test-method> <!-- setup -->
        <test-method signature="verifyfacebookLogoTest()[pri:0, instance:testCases.Cart_3_Test@b978d10]" started-at="2023-12-20T11:19:46 IST" name="verifyfacebookLogoTest" finished-at="2023-12-20T11:19:46 IST" duration-ms="43" status="PASS">
          <reporter-output>
            <line>
              <![CDATA[Visibility of Facebook Logo = true]]>
            </line>
          </reporter-output>
        </test-method> <!-- verifyfacebookLogoTest -->
        <test-method is-config="true" signature="closeBrowser(org.testng.ITestResult)[pri:0, instance:testCases.Cart_3_Test@b978d10]" started-at="2023-12-20T11:19:46 IST" name="closeBrowser" finished-at="2023-12-20T11:19:46 IST" duration-ms="139" status="PASS">
          <params>
            <param index="0">
              <value>
                <![CDATA[[TestResult name=verifyfacebookLogoTest status=SUCCESS method=Cart_3_Test.verifyfacebookLogoTest()[pri:0, instance:testCases.Cart_3_Test@b978d10] output=Visibility of Facebook Logo = true]]]>
              </value>
            </param>
          </params>
          <reporter-output>
          </reporter-output>
        </test-method> <!-- closeBrowser -->
        <test-method is-config="true" signature="setup()[pri:0, instance:testCases.Cart_3_Test@b978d10]" started-at="2023-12-20T11:19:46 IST" name="setup" finished-at="2023-12-20T11:19:52 IST" duration-ms="5885" status="PASS">
          <reporter-output>
          </reporter-output>
        </test-method> <!-- setup -->
        <test-method signature="verifylinkinedLogoTest()[pri:0, instance:testCases.Cart_3_Test@b978d10]" started-at="2023-12-20T11:19:52 IST" name="verifylinkinedLogoTest" finished-at="2023-12-20T11:19:52 IST" duration-ms="26" status="PASS">
          <reporter-output>
            <line>
              <![CDATA[Visibility of Linkined Logo = true]]>
            </line>
          </reporter-output>
        </test-method> <!-- verifylinkinedLogoTest -->
        <test-method is-config="true" signature="closeBrowser(org.testng.ITestResult)[pri:0, instance:testCases.Cart_3_Test@b978d10]" started-at="2023-12-20T11:19:52 IST" name="closeBrowser" finished-at="2023-12-20T11:19:52 IST" duration-ms="151" status="PASS">
          <params>
            <param index="0">
              <value>
                <![CDATA[[TestResult name=verifylinkinedLogoTest status=SUCCESS method=Cart_3_Test.verifylinkinedLogoTest()[pri:0, instance:testCases.Cart_3_Test@b978d10] output=Visibility of Linkined Logo = true]]]>
              </value>
            </param>
          </params>
          <reporter-output>
          </reporter-output>
        </test-method> <!-- closeBrowser -->
      </class> <!-- testCases.Cart_3_Test -->
    </test> <!-- Test -->
  </suite> <!-- Suite_All -->
</testng-results>
