<?xml version="1.0" encoding="UTF-8"?>
<!-- Generated by org.testng.reporters.JUnitXMLReporter -->
<testsuite ignored="0" hostname="CHETAN" failures="0" tests="37" name="Test" time="234.89" errors="0" timestamp="2024-01-21T13:25:47 IST">
  <testcase classname="testCases.Cart_3_Test" name="clickCheckoutbtnTest" time="0.101"/>
  <testcase classname="testCases.Cart_3_Test" name="clickContinueShoppingbtnTest" time="0.11"/>
  <testcase classname="testCases.Cart_3_Test" name="verifyCartDescriptionLableTest" time="0.039"/>
  <testcase classname="testCases.Cart_3_Test" name="verifyCartQTYLableTest" time="0.03"/>
  <testcase classname="testCases.Cart_3_Test" name="verifyTitleOfApplicationTest" time="0.709"/>
  <testcase classname="testCases.Cart_3_Test" name="verifyTwitterLogoTest" time="0.056"/>
  <testcase classname="testCases.Cart_3_Test" name="verifyURLofApplicationTest" time="0.011"/>
  <testcase classname="testCases.Cart_3_Test" name="verifyYourCartLableTest" time="0.031"/>
  <testcase classname="testCases.Cart_3_Test" name="verifyfacebookLogoTest" time="0.043"/>
  <testcase classname="testCases.Cart_3_Test" name="verifylinkinedLogoTest" time="0.041"/>
  <testcase classname="testCases.Checkout_Page1_4_Test" name="inputInformationTest" time="0.38"/>
  <testcase classname="testCases.Checkout_Page1_4_Test" name="verifyTitleofApplicationTest" time="0.029"/>
  <testcase classname="testCases.Checkout_Page1_4_Test" name="verifyURLofCheckoutPageTest" time="0.008"/>
  <testcase classname="testCases.Checkout_Page1_4_Test" name="verifycancelBtnTest" time="0.09"/>
  <testcase classname="testCases.Checkout_Page1_4_Test" name="verifyontinueBtnTest" time="0.35"/>
  <testcase classname="testCases.Inventary_Page_2_Test" name="add6ProductsTest" time="0.597"/>
  <testcase classname="testCases.Inventary_Page_2_Test" name="remove2Products" time="1.26"/>
  <testcase classname="testCases.Inventary_Page_2_Test" name="verifyProductLableTest" time="0.097"/>
  <testcase classname="testCases.Inventary_Page_2_Test" name="verifyTwitterLogoTest" time="0.055"/>
  <testcase classname="testCases.Inventary_Page_2_Test" name="verifyfacebookLogoTest" time="0.041"/>
  <testcase classname="testCases.Inventary_Page_2_Test" name="verifylinkinedLogoTest" time="0.047"/>
  <testcase classname="testCases.Inventary_Page_2_Test" name="verifytitleofInventaryPageTest" time="0.0"/>
  <testcase classname="testCases.LoginPage_1_Test" name="verifyTitleofApplicationTest" time="0.043"/>
  <testcase classname="testCases.LoginPage_1_Test" name="verifyURLofApplicationTest" time="0.027"/>
  <testcase classname="testCases.LoginPage_1_Test" name="loginToApplicationTest" time="0.385"/>
  <testcase classname="testCases.Checkout_Page_2_Test_5" name="clickOnFinishBtnTest" time="0.091"/>
  <testcase classname="testCases.Checkout_Page_2_Test_5" name="verifyDescriptionLableTest" time="0.024"/>
  <testcase classname="testCases.Checkout_Page_2_Test_5" name="verifyPaymentInfoLableTest" time="0.042"/>
  <testcase classname="testCases.Checkout_Page_2_Test_5" name="verifyQTYLableTest" time="0.023"/>
  <testcase classname="testCases.Checkout_Page_2_Test_5" name="verifyShippinfInfoLableTest" time="0.022"/>
  <testcase classname="testCases.Checkout_Page_2_Test_5" name="verifycheckoutOverviewLableTest" time="0.034"/>
  <testcase classname="testCases.Complete_Page_6_Test" name="clickOnBackHomeBtnTest" time="0.072"/>
  <testcase classname="testCases.Complete_Page_6_Test" name="verifyCheckoutCompleteLableTest" time="0.029"/>
  <testcase classname="testCases.Complete_Page_6_Test" name="verifyCompleteTextTest" time="0.033"/>
  <testcase classname="testCases.Complete_Page_6_Test" name="verifyPonyExpressIMGTest" time="0.039"/>
  <testcase classname="testCases.Complete_Page_6_Test" name="verifyThankYouForHeaderTest" time="0.045"/>
  <testcase classname="testCases.VerifyMultipleCredentialsTest" name="loginToAppMultipleCredTest" time="0.377"/>
</testsuite> <!-- Test -->
