<?xml version="1.0" encoding="UTF-8"?>
<!-- Generated by org.testng.reporters.JUnitXMLReporter -->
<testsuite ignored="0" hostname="CHETAN" failures="0" tests="37" name="Test" time="317.521" errors="0" timestamp="2024-02-22T11:41:05 IST">
  <testcase classname="testCases.Cart_3_Test" name="clickCheckoutbtnTest" time="0.093"/>
  <testcase classname="testCases.Cart_3_Test" name="clickContinueShoppingbtnTest" time="0.083"/>
  <testcase classname="testCases.Cart_3_Test" name="verifyCartDescriptionLableTest" time="0.031"/>
  <testcase classname="testCases.Cart_3_Test" name="verifyCartQTYLableTest" time="0.03"/>
  <testcase classname="testCases.Cart_3_Test" name="verifyTitleOfApplicationTest" time="1.026"/>
  <testcase classname="testCases.Cart_3_Test" name="verifyTwitterLogoTest" time="0.039"/>
  <testcase classname="testCases.Cart_3_Test" name="verifyURLofApplicationTest" time="0.012"/>
  <testcase classname="testCases.Cart_3_Test" name="verifyYourCartLableTest" time="0.025"/>
  <testcase classname="testCases.Cart_3_Test" name="verifyfacebookLogoTest" time="0.038"/>
  <testcase classname="testCases.Cart_3_Test" name="verifylinkinedLogoTest" time="0.059"/>
  <testcase classname="testCases.Checkout_Page1_4_Test" name="inputInformationTest" time="0.342"/>
  <testcase classname="testCases.Checkout_Page1_4_Test" name="verifyTitleofApplicationTest" time="0.032"/>
  <testcase classname="testCases.Checkout_Page1_4_Test" name="verifyURLofCheckoutPageTest" time="0.006"/>
  <testcase classname="testCases.Checkout_Page1_4_Test" name="verifycancelBtnTest" time="0.112"/>
  <testcase classname="testCases.Checkout_Page1_4_Test" name="verifyontinueBtnTest" time="0.389"/>
  <testcase classname="testCases.Inventary_Page_2_Test" name="add6ProductsTest" time="0.698"/>
  <testcase classname="testCases.Inventary_Page_2_Test" name="remove2Products" time="0.752"/>
  <testcase classname="testCases.Inventary_Page_2_Test" name="verifyProductLableTest" time="0.091"/>
  <testcase classname="testCases.Inventary_Page_2_Test" name="verifyTwitterLogoTest" time="0.067"/>
  <testcase classname="testCases.Inventary_Page_2_Test" name="verifyfacebookLogoTest" time="0.059"/>
  <testcase classname="testCases.Inventary_Page_2_Test" name="verifylinkinedLogoTest" time="0.057"/>
  <testcase classname="testCases.Inventary_Page_2_Test" name="verifytitleofInventaryPageTest" time="0.016"/>
  <testcase classname="testCases.LoginPage_1_Test" name="verifyTitleofApplicationTest" time="0.055"/>
  <testcase classname="testCases.LoginPage_1_Test" name="verifyURLofApplicationTest" time="0.028"/>
  <testcase classname="testCases.LoginPage_1_Test" name="loginToApplicationTest" time="0.421"/>
  <testcase classname="testCases.Checkout_Page_2_Test_5" name="clickOnFinishBtnTest" time="0.084"/>
  <testcase classname="testCases.Checkout_Page_2_Test_5" name="verifyDescriptionLableTest" time="0.023"/>
  <testcase classname="testCases.Checkout_Page_2_Test_5" name="verifyPaymentInfoLableTest" time="0.028"/>
  <testcase classname="testCases.Checkout_Page_2_Test_5" name="verifyQTYLableTest" time="0.021"/>
  <testcase classname="testCases.Checkout_Page_2_Test_5" name="verifyShippinfInfoLableTest" time="0.024"/>
  <testcase classname="testCases.Checkout_Page_2_Test_5" name="verifycheckoutOverviewLableTest" time="0.064"/>
  <testcase classname="testCases.Complete_Page_6_Test" name="clickOnBackHomeBtnTest" time="0.086"/>
  <testcase classname="testCases.Complete_Page_6_Test" name="verifyCheckoutCompleteLableTest" time="0.061"/>
  <testcase classname="testCases.Complete_Page_6_Test" name="verifyCompleteTextTest" time="0.04"/>
  <testcase classname="testCases.Complete_Page_6_Test" name="verifyPonyExpressIMGTest" time="0.037"/>
  <testcase classname="testCases.Complete_Page_6_Test" name="verifyThankYouForHeaderTest" time="0.026"/>
  <testcase classname="testCases.VerifyMultipleCredentialsTest" name="loginToAppMultipleCredTest" time="0.433"/>
</testsuite> <!-- Test -->
