<?xml version="1.0" encoding="UTF-8"?>
<!-- Generated by org.testng.reporters.JUnitReportReporter -->
<testsuite hostname="CHETAN" failures="0" tests="11" name="testCases.Open_To_Cart_Test" time="62.535" errors="0" timestamp="2023-12-04T17:16:46 IST" skipped="0">
  <testcase classname="testCases.Open_To_Cart_Test" name="verifyfacebookLogoTest" time="5.102"/>
  <system-out>
    <![CDATA[Visibility of Facebook Logo = true]]>
  </system-out>
  <testcase classname="testCases.Open_To_Cart_Test" name="clickCheckoutbtnTest" time="5.306"/>
  <system-out>
    <![CDATA[Varify After Click on Checkoutbtn URL = https://www.saucedemo.com/checkout-step-one.html]]>
  </system-out>
  <testcase classname="testCases.Open_To_Cart_Test" name="verifyPrivacyPolocyFooterTest" time="5.903"/>
  <system-out>
    <![CDATA[Visibility of Privacy Policy Footer of Your Cart Page = © 2023 Sauce Labs. All Rights Reserved. Terms of Service | Privacy Policy]]>
  </system-out>
  <testcase classname="testCases.Open_To_Cart_Test" name="verifyTitleOfApplicationTest" time="5.865"/>
  <system-out>
    <![CDATA[Logo of Cart Page= Swag Labs]]>
  </system-out>
  <testcase classname="testCases.Open_To_Cart_Test" name="verifyYourCartTest" time="5.208"/>
  <system-out>
    <![CDATA[Verify Your Cart Lable= Your Cart]]>
  </system-out>
  <testcase classname="testCases.Open_To_Cart_Test" name="clickContinueShoppingbtnTest" time="5.782"/>
  <system-out>
    <![CDATA[Verify After Click on Con Shopping btn URL = https://www.saucedemo.com/inventory.html]]>
  </system-out>
  <testcase classname="testCases.Open_To_Cart_Test" name="verifyTwitterLogoTest" time="5.443"/>
  <system-out>
    <![CDATA[Visibility of Twitter Logo = true]]>
  </system-out>
  <testcase classname="testCases.Open_To_Cart_Test" name="verifyURLofApplicationTest" time="6.954"/>
  <system-out>
    <![CDATA[Verify URL of Cart Page = https://www.saucedemo.com/cart.html]]>
  </system-out>
  <testcase classname="testCases.Open_To_Cart_Test" name="verifylinkinedLogoTest" time="5.298"/>
  <system-out>
    <![CDATA[Visibility of Linkined Logo = true]]>
  </system-out>
  <testcase classname="testCases.Open_To_Cart_Test" name="verifyCartDescriptionLableTest" time="6.530"/>
  <system-out>
    <![CDATA[Verify Cart Page Description Lable = Description]]>
  </system-out>
  <testcase classname="testCases.Open_To_Cart_Test" name="verifyCartQTYLableTest" time="5.144"/>
  <system-out>
    <![CDATA[Verify Cart Page QTY Lable = QTY]]>
  </system-out>
</testsuite> <!-- testCases.Open_To_Cart_Test -->
