<?xml version="1.0" encoding="UTF-8"?>
<!-- Generated by org.testng.reporters.JUnitReportReporter -->
<testsuite hostname="CHETAN" failures="0" tests="11" name="testCases.Open_To_Cart_3_Test" time="62.912" errors="0" timestamp="2023-12-05T19:14:45 IST" skipped="0">
  <testcase classname="testCases.Open_To_Cart_3_Test" name="verifyCartQTYLableTest" time="7.893"/>
  <system-out>
    <![CDATA[Verify Cart Page QTY Lable = QTY]]>
  </system-out>
  <testcase classname="testCases.Open_To_Cart_3_Test" name="verifyYourCartLableTest" time="5.217"/>
  <system-out>
    <![CDATA[Verify Your Cart Lable= Your Cart]]>
  </system-out>
  <testcase classname="testCases.Open_To_Cart_3_Test" name="clickCheckoutbtnTest" time="5.724"/>
  <system-out>
    <![CDATA[Varify After Click on Checkoutbtn URL = https://www.saucedemo.com/checkout-step-one.html]]>
  </system-out>
  <testcase classname="testCases.Open_To_Cart_3_Test" name="clickContinueShoppingbtnTest" time="5.545"/>
  <system-out>
    <![CDATA[Verify After Click on Con Shopping btn URL = https://www.saucedemo.com/inventory.html]]>
  </system-out>
  <testcase classname="testCases.Open_To_Cart_3_Test" name="verifyTwitterLogoTest" time="5.331"/>
  <system-out>
    <![CDATA[Visibility of Twitter Logo = true]]>
  </system-out>
  <testcase classname="testCases.Open_To_Cart_3_Test" name="verifyPrivacyPolocyFooterTest" time="5.316"/>
  <system-out>
    <![CDATA[Visibility of Privacy Policy Footer of Your Cart Page = © 2023 Sauce Labs. All Rights Reserved. Terms of Service | Privacy Policy]]>
  </system-out>
  <testcase classname="testCases.Open_To_Cart_3_Test" name="verifyCartDescriptionLableTest" time="5.389"/>
  <system-out>
    <![CDATA[Verify Cart Page Description Lable = Description]]>
  </system-out>
  <testcase classname="testCases.Open_To_Cart_3_Test" name="verifyfacebookLogoTest" time="5.320"/>
  <system-out>
    <![CDATA[Visibility of Facebook Logo = true]]>
  </system-out>
  <testcase classname="testCases.Open_To_Cart_3_Test" name="verifylinkinedLogoTest" time="5.257"/>
  <system-out>
    <![CDATA[Visibility of Linkined Logo = true]]>
  </system-out>
  <testcase classname="testCases.Open_To_Cart_3_Test" name="verifyURLofApplicationTest" time="5.314"/>
  <system-out>
    <![CDATA[Verify URL of Cart Page = https://www.saucedemo.com/cart.html]]>
  </system-out>
  <testcase classname="testCases.Open_To_Cart_3_Test" name="verifyTitleOfApplicationTest" time="6.606"/>
  <system-out>
    <![CDATA[Logo of Cart Page= Swag Labs]]>
  </system-out>
</testsuite> <!-- testCases.Open_To_Cart_3_Test -->
